 [LOGGER] 2023-12-23 12:24:56.775 AM error : controllers/userController.js:setLogin - secretOrPrivateKey must have a value
 [LOGGER] 2023-12-23 12:25:22.505 AM error : controllers/userController.js:setLogin - secretOrPrivateKey must have a value
 [LOGGER] 2023-12-23 12:28:25.619 AM error : controllers/paymentController.js:getPaymentDetailAdmin - WHERE parameter "payment_id" has invalid "undefined" value
 [LOGGER] 2023-12-23 12:29:43.003 AM error : uncaughtException: get is not defined
ReferenceError: get is not defined
    at file:///Users/muh.firdaus/Documents/Daus/Skripsi/API/Rest-API-Rinjani/src/routes/paymentRoute.js:36:55
    at ModuleJob.run (node:internal/modules/esm/module_job:194:25)
 [LOGGER] 2023-12-23 12:29:50.724 AM error : uncaughtException: get is not defined
ReferenceError: get is not defined
    at file:///Users/muh.firdaus/Documents/Daus/Skripsi/API/Rest-API-Rinjani/src/routes/paymentRoute.js:36:55
    at ModuleJob.run (node:internal/modules/esm/module_job:194:25)
 [LOGGER] 2023-12-23 12:30:07.484 AM error : uncaughtException: getPay is not defined
ReferenceError: getPay is not defined
    at file:///Users/muh.firdaus/Documents/Daus/Skripsi/API/Rest-API-Rinjani/src/routes/paymentRoute.js:36:55
    at ModuleJob.run (node:internal/modules/esm/module_job:194:25)
 [LOGGER] 2023-12-23 12:48:49.585 AM error : controllers/bookingController.js:setBooking - connect ECONNREFUSED 172.253.118.108:465
 [LOGGER] 2023-12-23 01:13:35.044 AM error : uncaughtException: getAllPayment is not defined
ReferenceError: getAllPayment is not defined
    at file:///Users/muh.firdaus/Documents/Daus/Skripsi/API/Rest-API-Rinjani/src/routes/paymentRoute.js:37:44
    at ModuleJob.run (node:internal/modules/esm/module_job:194:25)
 [LOGGER] 2023-12-23 01:13:39.101 AM error : uncaughtException: getAllPayment is not defined
ReferenceError: getAllPayment is not defined
    at file:///Users/muh.firdaus/Documents/Daus/Skripsi/API/Rest-API-Rinjani/src/routes/paymentRoute.js:37:44
    at ModuleJob.run (node:internal/modules/esm/module_job:194:25)
 [LOGGER] 2023-12-23 01:14:11.388 AM error : uncaughtException: getAllPayment is not defined
ReferenceError: getAllPayment is not defined
    at file:///Users/muh.firdaus/Documents/Daus/Skripsi/API/Rest-API-Rinjani/src/routes/paymentRoute.js:37:44
    at ModuleJob.run (node:internal/modules/esm/module_job:194:25)
 [LOGGER] 2023-12-23 01:14:38.483 AM error : controllers/paymentController.js:getAllPayment - Unknown column 'Payment.userId' in 'where clause'
 [LOGGER] 2023-12-23 01:17:22.744 AM error : uncaughtException: getAllPayment is not defined
ReferenceError: getAllPayment is not defined
    at file:///Users/muh.firdaus/Documents/Daus/Skripsi/API/Rest-API-Rinjani/src/routes/paymentRoute.js:37:44
    at ModuleJob.run (node:internal/modules/esm/module_job:194:25)
 [LOGGER] 2023-12-23 03:08:02.517 AM error : uncaughtException: upload.single is not a function
TypeError: upload.single is not a function
    at file:///Users/muh.firdaus/Documents/Daus/Skripsi/API/Rest-API-Rinjani/src/routes/userRoute.js:36:10
    at ModuleJob.run (node:internal/modules/esm/module_job:194:25)
 [LOGGER] 2023-12-23 12:58:04.731 PM error : controllers/userController.js:setLogin - secretOrPrivateKey must have a value
 [LOGGER] 2023-12-23 03:33:55.301 PM error : controllers/productController.js:deleteProduct - Cannot delete or update a parent row: a foreign key constraint fails (`rinjani-database`.`foto`, CONSTRAINT `foto_ibfk_1` FOREIGN KEY (`product_id`) REFERENCES `product` (`product_id`) ON DELETE RESTRICT ON UPDATE RESTRICT)
