 [LOGGER] 2023-11-27 01:40:29.998 AM error : uncaughtException: defaultValue is not defined
ReferenceError: defaultValue is not defined
    at file:///Users/muh.firdaus/Documents/Daus/Skripsi/API/Rest-API-Rinjani/src/models/productModel.js:25:7
    at ModuleJob.run (node:internal/modules/esm/module_job:194:25)
 [LOGGER] 2023-11-27 02:03:48.983 AM error : uncaughtException: Cannot read properties of undefined (reading 'post')
TypeError: Cannot read properties of undefined (reading 'post')
    at file:///Users/muh.firdaus/Documents/Daus/Skripsi/API/Rest-API-Rinjani/src/routes/categoryRoute.js:13:16
    at ModuleJob.run (node:internal/modules/esm/module_job:194:25)
 [LOGGER] 2023-11-27 02:04:17.316 AM error : uncaughtException: Cannot read properties of undefined (reading 'get')
TypeError: Cannot read properties of undefined (reading 'get')
    at file:///Users/muh.firdaus/Documents/Daus/Skripsi/API/Rest-API-Rinjani/src/routes/categoryRoute.js:17:16
    at ModuleJob.run (node:internal/modules/esm/module_job:194:25)
 [LOGGER] 2023-11-27 02:04:30.675 AM error : uncaughtException: upda is not defined
ReferenceError: upda is not defined
    at file:///Users/muh.firdaus/Documents/Daus/Skripsi/API/Rest-API-Rinjani/src/routes/categoryRoute.js:16:59
    at ModuleJob.run (node:internal/modules/esm/module_job:194:25)
 [LOGGER] 2023-11-27 02:04:42.943 AM error : uncaughtException: deleteCategory is not defined
ReferenceError: deleteCategory is not defined
    at file:///Users/muh.firdaus/Documents/Daus/Skripsi/API/Rest-API-Rinjani/src/routes/categoryRoute.js:15:57
    at ModuleJob.run (node:internal/modules/esm/module_job:194:25)
 [LOGGER] 2023-11-27 02:04:48.134 AM error : uncaughtException: deleteCategory is not defined
ReferenceError: deleteCategory is not defined
    at file:///Users/muh.firdaus/Documents/Daus/Skripsi/API/Rest-API-Rinjani/src/routes/categoryRoute.js:15:57
    at ModuleJob.run (node:internal/modules/esm/module_job:194:25)
 [LOGGER] 2023-11-27 02:05:43.298 AM error : uncaughtException: de is not defined
ReferenceError: de is not defined
    at file:///Users/muh.firdaus/Documents/Daus/Skripsi/API/Rest-API-Rinjani/src/routes/categoryRoute.js:19:60
    at ModuleJob.run (node:internal/modules/esm/module_job:194:25)
 [LOGGER] 2023-11-27 02:05:44.772 AM error : uncaughtException: dele is not defined
ReferenceError: dele is not defined
    at file:///Users/muh.firdaus/Documents/Daus/Skripsi/API/Rest-API-Rinjani/src/routes/categoryRoute.js:19:60
    at ModuleJob.run (node:internal/modules/esm/module_job:194:25)
 [LOGGER] 2023-11-27 02:15:42.067 AM error : controllers/categoryController.js:deleteCategory - Cannot delete or update a parent row: a foreign key constraint fails (`rinjani_visitor_test`.`subcategory`, CONSTRAINT `subcategory_ibfk_1` FOREIGN KEY (`category_id`) REFERENCES `category` (`category_id`) ON DELETE RESTRICT ON UPDATE RESTRICT)
 [LOGGER] 2023-11-27 02:26:17.375 AM error : controllers/facilityController.js:updateaddOns - Unknown column 'idaddons' in 'where clause'
 [LOGGER] 2023-11-27 02:26:43.226 AM error : controllers/facilityController.js:updateaddOns - Unknown column 'addAddOns' in 'where clause'
 [LOGGER] 2023-11-27 02:31:32.434 AM error : controllers/facilityController.js:addAddOns - WHERE parameter "add_ons_id" has invalid "undefined" value
 [LOGGER] 2023-11-27 02:33:48.765 AM error : controllers/facilityController.js:addAddOns - WHERE parameter "add_ons_id" has invalid "undefined" value
 [LOGGER] 2023-11-27 02:35:08.404 AM error : controllers/facilityController.js:addAddOns - WHERE parameter "add_ons_id" has invalid "undefined" value
 [LOGGER] 2023-11-27 02:35:09.890 AM error : controllers/facilityController.js:addAddOns - WHERE parameter "add_ons_id" has invalid "undefined" value
 [LOGGER] 2023-11-27 02:43:55.979 AM error : controllers/facilityController.js:setAddOns - AddOns is not defined
 [LOGGER] 2023-11-27 02:45:55.780 AM error : controllers/facilityController.js:getAllAddOns - AddOns is not defined
