 [LOGGER] 2023-11-22 12:46:40.290 AM error : uncaughtException: Dialect needs to be explicitly supplied as of v4.0.0
Error: Dialect needs to be explicitly supplied as of v4.0.0
    at new Sequelize (/Users/muh.firdaus/Documents/Daus/Skripsi/API/Rest-API-Rinjani/node_modules/sequelize/lib/sequelize.js:136:13)
    at file:///Users/muh.firdaus/Documents/Daus/Skripsi/API/Rest-API-Rinjani/src/utils/db.js:4:19
    at ModuleJob.run (node:internal/modules/esm/module_job:194:25)
 [LOGGER] 2023-11-22 12:49:21.530 AM error : uncaughtException: connect ETIMEDOUT
SequelizeConnectionError: connect ETIMEDOUT
    at ConnectionManager.connect (/Users/muh.firdaus/Documents/Daus/Skripsi/API/Rest-API-Rinjani/node_modules/sequelize/lib/dialects/mysql/connection-manager.js:102:17)
    at process.processTicksAndRejections (node:internal/process/task_queues:95:5)
    at async ConnectionManager._connect (/Users/muh.firdaus/Documents/Daus/Skripsi/API/Rest-API-Rinjani/node_modules/sequelize/lib/dialects/abstract/connection-manager.js:222:24)
    at async /Users/muh.firdaus/Documents/Daus/Skripsi/API/Rest-API-Rinjani/node_modules/sequelize/lib/dialects/abstract/connection-manager.js:174:32
 [LOGGER] 2023-11-22 12:49:21.532 AM error : uncaughtException: connect ETIMEDOUT
SequelizeConnectionError: connect ETIMEDOUT
    at ConnectionManager.connect (/Users/muh.firdaus/Documents/Daus/Skripsi/API/Rest-API-Rinjani/node_modules/sequelize/lib/dialects/mysql/connection-manager.js:102:17)
    at process.processTicksAndRejections (node:internal/process/task_queues:95:5)
    at async ConnectionManager._connect (/Users/muh.firdaus/Documents/Daus/Skripsi/API/Rest-API-Rinjani/node_modules/sequelize/lib/dialects/abstract/connection-manager.js:222:24)
    at async /Users/muh.firdaus/Documents/Daus/Skripsi/API/Rest-API-Rinjani/node_modules/sequelize/lib/dialects/abstract/connection-manager.js:174:32
 [LOGGER] 2023-11-22 12:49:21.532 AM error : uncaughtException: connect ETIMEDOUT
SequelizeConnectionError: connect ETIMEDOUT
    at ConnectionManager.connect (/Users/muh.firdaus/Documents/Daus/Skripsi/API/Rest-API-Rinjani/node_modules/sequelize/lib/dialects/mysql/connection-manager.js:102:17)
    at process.processTicksAndRejections (node:internal/process/task_queues:95:5)
    at async ConnectionManager._connect (/Users/muh.firdaus/Documents/Daus/Skripsi/API/Rest-API-Rinjani/node_modules/sequelize/lib/dialects/abstract/connection-manager.js:222:24)
    at async /Users/muh.firdaus/Documents/Daus/Skripsi/API/Rest-API-Rinjani/node_modules/sequelize/lib/dialects/abstract/connection-manager.js:174:32
 [LOGGER] 2023-11-22 12:49:21.533 AM error : uncaughtException: connect ETIMEDOUT
SequelizeConnectionError: connect ETIMEDOUT
    at ConnectionManager.connect (/Users/muh.firdaus/Documents/Daus/Skripsi/API/Rest-API-Rinjani/node_modules/sequelize/lib/dialects/mysql/connection-manager.js:102:17)
    at process.processTicksAndRejections (node:internal/process/task_queues:95:5)
    at async ConnectionManager._connect (/Users/muh.firdaus/Documents/Daus/Skripsi/API/Rest-API-Rinjani/node_modules/sequelize/lib/dialects/abstract/connection-manager.js:222:24)
    at async /Users/muh.firdaus/Documents/Daus/Skripsi/API/Rest-API-Rinjani/node_modules/sequelize/lib/dialects/abstract/connection-manager.js:174:32
 [LOGGER] 2023-11-22 12:49:21.533 AM error : uncaughtException: connect ETIMEDOUT
SequelizeConnectionError: connect ETIMEDOUT
    at ConnectionManager.connect (/Users/muh.firdaus/Documents/Daus/Skripsi/API/Rest-API-Rinjani/node_modules/sequelize/lib/dialects/mysql/connection-manager.js:102:17)
    at process.processTicksAndRejections (node:internal/process/task_queues:95:5)
    at async ConnectionManager._connect (/Users/muh.firdaus/Documents/Daus/Skripsi/API/Rest-API-Rinjani/node_modules/sequelize/lib/dialects/abstract/connection-manager.js:222:24)
    at async /Users/muh.firdaus/Documents/Daus/Skripsi/API/Rest-API-Rinjani/node_modules/sequelize/lib/dialects/abstract/connection-manager.js:174:32
 [LOGGER] 2023-11-22 12:49:21.533 AM error : uncaughtException: connect ETIMEDOUT
SequelizeConnectionError: connect ETIMEDOUT
    at ConnectionManager.connect (/Users/muh.firdaus/Documents/Daus/Skripsi/API/Rest-API-Rinjani/node_modules/sequelize/lib/dialects/mysql/connection-manager.js:102:17)
    at process.processTicksAndRejections (node:internal/process/task_queues:95:5)
    at async ConnectionManager._connect (/Users/muh.firdaus/Documents/Daus/Skripsi/API/Rest-API-Rinjani/node_modules/sequelize/lib/dialects/abstract/connection-manager.js:222:24)
    at async /Users/muh.firdaus/Documents/Daus/Skripsi/API/Rest-API-Rinjani/node_modules/sequelize/lib/dialects/abstract/connection-manager.js:174:32
 [LOGGER] 2023-11-22 12:49:21.533 AM error : uncaughtException: connect ETIMEDOUT
SequelizeConnectionError: connect ETIMEDOUT
    at ConnectionManager.connect (/Users/muh.firdaus/Documents/Daus/Skripsi/API/Rest-API-Rinjani/node_modules/sequelize/lib/dialects/mysql/connection-manager.js:102:17)
    at process.processTicksAndRejections (node:internal/process/task_queues:95:5)
    at async ConnectionManager._connect (/Users/muh.firdaus/Documents/Daus/Skripsi/API/Rest-API-Rinjani/node_modules/sequelize/lib/dialects/abstract/connection-manager.js:222:24)
    at async /Users/muh.firdaus/Documents/Daus/Skripsi/API/Rest-API-Rinjani/node_modules/sequelize/lib/dialects/abstract/connection-manager.js:174:32
 [LOGGER] 2023-11-22 12:49:21.534 AM error : uncaughtException: connect ETIMEDOUT
SequelizeConnectionError: connect ETIMEDOUT
    at ConnectionManager.connect (/Users/muh.firdaus/Documents/Daus/Skripsi/API/Rest-API-Rinjani/node_modules/sequelize/lib/dialects/mysql/connection-manager.js:102:17)
    at process.processTicksAndRejections (node:internal/process/task_queues:95:5)
    at async ConnectionManager._connect (/Users/muh.firdaus/Documents/Daus/Skripsi/API/Rest-API-Rinjani/node_modules/sequelize/lib/dialects/abstract/connection-manager.js:222:24)
    at async /Users/muh.firdaus/Documents/Daus/Skripsi/API/Rest-API-Rinjani/node_modules/sequelize/lib/dialects/abstract/connection-manager.js:174:32
 [LOGGER] 2023-11-22 12:49:21.535 AM error : uncaughtException: connect ETIMEDOUT
SequelizeConnectionError: connect ETIMEDOUT
    at ConnectionManager.connect (/Users/muh.firdaus/Documents/Daus/Skripsi/API/Rest-API-Rinjani/node_modules/sequelize/lib/dialects/mysql/connection-manager.js:102:17)
    at process.processTicksAndRejections (node:internal/process/task_queues:95:5)
    at async ConnectionManager._connect (/Users/muh.firdaus/Documents/Daus/Skripsi/API/Rest-API-Rinjani/node_modules/sequelize/lib/dialects/abstract/connection-manager.js:222:24)
    at async /Users/muh.firdaus/Documents/Daus/Skripsi/API/Rest-API-Rinjani/node_modules/sequelize/lib/dialects/abstract/connection-manager.js:174:32
 [LOGGER] 2023-11-22 12:49:21.535 AM error : uncaughtException: connect ETIMEDOUT
SequelizeConnectionError: connect ETIMEDOUT
    at ConnectionManager.connect (/Users/muh.firdaus/Documents/Daus/Skripsi/API/Rest-API-Rinjani/node_modules/sequelize/lib/dialects/mysql/connection-manager.js:102:17)
    at process.processTicksAndRejections (node:internal/process/task_queues:95:5)
    at async ConnectionManager._connect (/Users/muh.firdaus/Documents/Daus/Skripsi/API/Rest-API-Rinjani/node_modules/sequelize/lib/dialects/abstract/connection-manager.js:222:24)
    at async /Users/muh.firdaus/Documents/Daus/Skripsi/API/Rest-API-Rinjani/node_modules/sequelize/lib/dialects/abstract/connection-manager.js:174:32
 [LOGGER] 2023-11-22 12:49:21.535 AM error : uncaughtException: connect ETIMEDOUT
SequelizeConnectionError: connect ETIMEDOUT
    at ConnectionManager.connect (/Users/muh.firdaus/Documents/Daus/Skripsi/API/Rest-API-Rinjani/node_modules/sequelize/lib/dialects/mysql/connection-manager.js:102:17)
    at process.processTicksAndRejections (node:internal/process/task_queues:95:5)
    at async ConnectionManager._connect (/Users/muh.firdaus/Documents/Daus/Skripsi/API/Rest-API-Rinjani/node_modules/sequelize/lib/dialects/abstract/connection-manager.js:222:24)
    at async /Users/muh.firdaus/Documents/Daus/Skripsi/API/Rest-API-Rinjani/node_modules/sequelize/lib/dialects/abstract/connection-manager.js:174:32
 [LOGGER] 2023-11-22 12:49:21.535 AM error : uncaughtException: connect ETIMEDOUT
SequelizeConnectionError: connect ETIMEDOUT
    at ConnectionManager.connect (/Users/muh.firdaus/Documents/Daus/Skripsi/API/Rest-API-Rinjani/node_modules/sequelize/lib/dialects/mysql/connection-manager.js:102:17)
    at process.processTicksAndRejections (node:internal/process/task_queues:95:5)
    at async ConnectionManager._connect (/Users/muh.firdaus/Documents/Daus/Skripsi/API/Rest-API-Rinjani/node_modules/sequelize/lib/dialects/abstract/connection-manager.js:222:24)
    at async /Users/muh.firdaus/Documents/Daus/Skripsi/API/Rest-API-Rinjani/node_modules/sequelize/lib/dialects/abstract/connection-manager.js:174:32
 [LOGGER] 2023-11-22 12:49:21.536 AM error : uncaughtException: connect ETIMEDOUT
SequelizeConnectionError: connect ETIMEDOUT
    at ConnectionManager.connect (/Users/muh.firdaus/Documents/Daus/Skripsi/API/Rest-API-Rinjani/node_modules/sequelize/lib/dialects/mysql/connection-manager.js:102:17)
    at process.processTicksAndRejections (node:internal/process/task_queues:95:5)
    at async ConnectionManager._connect (/Users/muh.firdaus/Documents/Daus/Skripsi/API/Rest-API-Rinjani/node_modules/sequelize/lib/dialects/abstract/connection-manager.js:222:24)
    at async /Users/muh.firdaus/Documents/Daus/Skripsi/API/Rest-API-Rinjani/node_modules/sequelize/lib/dialects/abstract/connection-manager.js:174:32
 [LOGGER] 2023-11-22 12:49:21.536 AM error : uncaughtException: connect ETIMEDOUT
SequelizeConnectionError: connect ETIMEDOUT
    at ConnectionManager.connect (/Users/muh.firdaus/Documents/Daus/Skripsi/API/Rest-API-Rinjani/node_modules/sequelize/lib/dialects/mysql/connection-manager.js:102:17)
    at process.processTicksAndRejections (node:internal/process/task_queues:95:5)
    at async ConnectionManager._connect (/Users/muh.firdaus/Documents/Daus/Skripsi/API/Rest-API-Rinjani/node_modules/sequelize/lib/dialects/abstract/connection-manager.js:222:24)
    at async /Users/muh.firdaus/Documents/Daus/Skripsi/API/Rest-API-Rinjani/node_modules/sequelize/lib/dialects/abstract/connection-manager.js:174:32
 [LOGGER] 2023-11-22 12:49:21.536 AM error : uncaughtException: connect ETIMEDOUT
SequelizeConnectionError: connect ETIMEDOUT
    at ConnectionManager.connect (/Users/muh.firdaus/Documents/Daus/Skripsi/API/Rest-API-Rinjani/node_modules/sequelize/lib/dialects/mysql/connection-manager.js:102:17)
    at process.processTicksAndRejections (node:internal/process/task_queues:95:5)
    at async ConnectionManager._connect (/Users/muh.firdaus/Documents/Daus/Skripsi/API/Rest-API-Rinjani/node_modules/sequelize/lib/dialects/abstract/connection-manager.js:222:24)
    at async /Users/muh.firdaus/Documents/Daus/Skripsi/API/Rest-API-Rinjani/node_modules/sequelize/lib/dialects/abstract/connection-manager.js:174:32
 [LOGGER] 2023-11-22 12:49:21.536 AM error : uncaughtException: connect ETIMEDOUT
SequelizeConnectionError: connect ETIMEDOUT
    at ConnectionManager.connect (/Users/muh.firdaus/Documents/Daus/Skripsi/API/Rest-API-Rinjani/node_modules/sequelize/lib/dialects/mysql/connection-manager.js:102:17)
    at process.processTicksAndRejections (node:internal/process/task_queues:95:5)
    at async ConnectionManager._connect (/Users/muh.firdaus/Documents/Daus/Skripsi/API/Rest-API-Rinjani/node_modules/sequelize/lib/dialects/abstract/connection-manager.js:222:24)
    at async /Users/muh.firdaus/Documents/Daus/Skripsi/API/Rest-API-Rinjani/node_modules/sequelize/lib/dialects/abstract/connection-manager.js:174:32
 [LOGGER] 2023-11-22 12:49:21.536 AM error : uncaughtException: connect ETIMEDOUT
SequelizeConnectionError: connect ETIMEDOUT
    at ConnectionManager.connect (/Users/muh.firdaus/Documents/Daus/Skripsi/API/Rest-API-Rinjani/node_modules/sequelize/lib/dialects/mysql/connection-manager.js:102:17)
    at process.processTicksAndRejections (node:internal/process/task_queues:95:5)
    at async ConnectionManager._connect (/Users/muh.firdaus/Documents/Daus/Skripsi/API/Rest-API-Rinjani/node_modules/sequelize/lib/dialects/abstract/connection-manager.js:222:24)
    at async /Users/muh.firdaus/Documents/Daus/Skripsi/API/Rest-API-Rinjani/node_modules/sequelize/lib/dialects/abstract/connection-manager.js:174:32
 [LOGGER] 2023-11-22 12:52:11.683 AM error : uncaughtException: connect ETIMEDOUT
SequelizeConnectionError: connect ETIMEDOUT
    at ConnectionManager.connect (/Users/muh.firdaus/Documents/Daus/Skripsi/API/Rest-API-Rinjani/node_modules/sequelize/lib/dialects/mysql/connection-manager.js:102:17)
    at process.processTicksAndRejections (node:internal/process/task_queues:95:5)
    at async ConnectionManager._connect (/Users/muh.firdaus/Documents/Daus/Skripsi/API/Rest-API-Rinjani/node_modules/sequelize/lib/dialects/abstract/connection-manager.js:222:24)
    at async /Users/muh.firdaus/Documents/Daus/Skripsi/API/Rest-API-Rinjani/node_modules/sequelize/lib/dialects/abstract/connection-manager.js:174:32
 [LOGGER] 2023-11-22 12:52:11.686 AM error : uncaughtException: connect ETIMEDOUT
SequelizeConnectionError: connect ETIMEDOUT
    at ConnectionManager.connect (/Users/muh.firdaus/Documents/Daus/Skripsi/API/Rest-API-Rinjani/node_modules/sequelize/lib/dialects/mysql/connection-manager.js:102:17)
    at process.processTicksAndRejections (node:internal/process/task_queues:95:5)
    at async ConnectionManager._connect (/Users/muh.firdaus/Documents/Daus/Skripsi/API/Rest-API-Rinjani/node_modules/sequelize/lib/dialects/abstract/connection-manager.js:222:24)
    at async /Users/muh.firdaus/Documents/Daus/Skripsi/API/Rest-API-Rinjani/node_modules/sequelize/lib/dialects/abstract/connection-manager.js:174:32
 [LOGGER] 2023-11-22 12:52:11.687 AM error : uncaughtException: connect ETIMEDOUT
SequelizeConnectionError: connect ETIMEDOUT
    at ConnectionManager.connect (/Users/muh.firdaus/Documents/Daus/Skripsi/API/Rest-API-Rinjani/node_modules/sequelize/lib/dialects/mysql/connection-manager.js:102:17)
    at process.processTicksAndRejections (node:internal/process/task_queues:95:5)
    at async ConnectionManager._connect (/Users/muh.firdaus/Documents/Daus/Skripsi/API/Rest-API-Rinjani/node_modules/sequelize/lib/dialects/abstract/connection-manager.js:222:24)
    at async /Users/muh.firdaus/Documents/Daus/Skripsi/API/Rest-API-Rinjani/node_modules/sequelize/lib/dialects/abstract/connection-manager.js:174:32
 [LOGGER] 2023-11-22 12:52:11.688 AM error : uncaughtException: connect ETIMEDOUT
SequelizeConnectionError: connect ETIMEDOUT
    at ConnectionManager.connect (/Users/muh.firdaus/Documents/Daus/Skripsi/API/Rest-API-Rinjani/node_modules/sequelize/lib/dialects/mysql/connection-manager.js:102:17)
    at process.processTicksAndRejections (node:internal/process/task_queues:95:5)
    at async ConnectionManager._connect (/Users/muh.firdaus/Documents/Daus/Skripsi/API/Rest-API-Rinjani/node_modules/sequelize/lib/dialects/abstract/connection-manager.js:222:24)
    at async /Users/muh.firdaus/Documents/Daus/Skripsi/API/Rest-API-Rinjani/node_modules/sequelize/lib/dialects/abstract/connection-manager.js:174:32
 [LOGGER] 2023-11-22 12:52:11.688 AM error : uncaughtException: connect ETIMEDOUT
SequelizeConnectionError: connect ETIMEDOUT
    at ConnectionManager.connect (/Users/muh.firdaus/Documents/Daus/Skripsi/API/Rest-API-Rinjani/node_modules/sequelize/lib/dialects/mysql/connection-manager.js:102:17)
    at process.processTicksAndRejections (node:internal/process/task_queues:95:5)
    at async ConnectionManager._connect (/Users/muh.firdaus/Documents/Daus/Skripsi/API/Rest-API-Rinjani/node_modules/sequelize/lib/dialects/abstract/connection-manager.js:222:24)
    at async /Users/muh.firdaus/Documents/Daus/Skripsi/API/Rest-API-Rinjani/node_modules/sequelize/lib/dialects/abstract/connection-manager.js:174:32
 [LOGGER] 2023-11-22 12:52:11.689 AM error : uncaughtException: connect ETIMEDOUT
SequelizeConnectionError: connect ETIMEDOUT
    at ConnectionManager.connect (/Users/muh.firdaus/Documents/Daus/Skripsi/API/Rest-API-Rinjani/node_modules/sequelize/lib/dialects/mysql/connection-manager.js:102:17)
    at process.processTicksAndRejections (node:internal/process/task_queues:95:5)
    at async ConnectionManager._connect (/Users/muh.firdaus/Documents/Daus/Skripsi/API/Rest-API-Rinjani/node_modules/sequelize/lib/dialects/abstract/connection-manager.js:222:24)
    at async /Users/muh.firdaus/Documents/Daus/Skripsi/API/Rest-API-Rinjani/node_modules/sequelize/lib/dialects/abstract/connection-manager.js:174:32
 [LOGGER] 2023-11-22 12:52:11.689 AM error : uncaughtException: connect ETIMEDOUT
SequelizeConnectionError: connect ETIMEDOUT
    at ConnectionManager.connect (/Users/muh.firdaus/Documents/Daus/Skripsi/API/Rest-API-Rinjani/node_modules/sequelize/lib/dialects/mysql/connection-manager.js:102:17)
    at process.processTicksAndRejections (node:internal/process/task_queues:95:5)
    at async ConnectionManager._connect (/Users/muh.firdaus/Documents/Daus/Skripsi/API/Rest-API-Rinjani/node_modules/sequelize/lib/dialects/abstract/connection-manager.js:222:24)
    at async /Users/muh.firdaus/Documents/Daus/Skripsi/API/Rest-API-Rinjani/node_modules/sequelize/lib/dialects/abstract/connection-manager.js:174:32
 [LOGGER] 2023-11-22 12:52:11.690 AM error : uncaughtException: connect ETIMEDOUT
SequelizeConnectionError: connect ETIMEDOUT
    at ConnectionManager.connect (/Users/muh.firdaus/Documents/Daus/Skripsi/API/Rest-API-Rinjani/node_modules/sequelize/lib/dialects/mysql/connection-manager.js:102:17)
    at process.processTicksAndRejections (node:internal/process/task_queues:95:5)
    at async ConnectionManager._connect (/Users/muh.firdaus/Documents/Daus/Skripsi/API/Rest-API-Rinjani/node_modules/sequelize/lib/dialects/abstract/connection-manager.js:222:24)
    at async /Users/muh.firdaus/Documents/Daus/Skripsi/API/Rest-API-Rinjani/node_modules/sequelize/lib/dialects/abstract/connection-manager.js:174:32
 [LOGGER] 2023-11-22 12:52:11.692 AM error : uncaughtException: connect ETIMEDOUT
SequelizeConnectionError: connect ETIMEDOUT
    at ConnectionManager.connect (/Users/muh.firdaus/Documents/Daus/Skripsi/API/Rest-API-Rinjani/node_modules/sequelize/lib/dialects/mysql/connection-manager.js:102:17)
    at process.processTicksAndRejections (node:internal/process/task_queues:95:5)
    at async ConnectionManager._connect (/Users/muh.firdaus/Documents/Daus/Skripsi/API/Rest-API-Rinjani/node_modules/sequelize/lib/dialects/abstract/connection-manager.js:222:24)
    at async /Users/muh.firdaus/Documents/Daus/Skripsi/API/Rest-API-Rinjani/node_modules/sequelize/lib/dialects/abstract/connection-manager.js:174:32
 [LOGGER] 2023-11-22 12:52:11.693 AM error : uncaughtException: connect ETIMEDOUT
SequelizeConnectionError: connect ETIMEDOUT
    at ConnectionManager.connect (/Users/muh.firdaus/Documents/Daus/Skripsi/API/Rest-API-Rinjani/node_modules/sequelize/lib/dialects/mysql/connection-manager.js:102:17)
    at process.processTicksAndRejections (node:internal/process/task_queues:95:5)
    at async ConnectionManager._connect (/Users/muh.firdaus/Documents/Daus/Skripsi/API/Rest-API-Rinjani/node_modules/sequelize/lib/dialects/abstract/connection-manager.js:222:24)
    at async /Users/muh.firdaus/Documents/Daus/Skripsi/API/Rest-API-Rinjani/node_modules/sequelize/lib/dialects/abstract/connection-manager.js:174:32
 [LOGGER] 2023-11-22 12:52:11.693 AM error : uncaughtException: connect ETIMEDOUT
SequelizeConnectionError: connect ETIMEDOUT
    at ConnectionManager.connect (/Users/muh.firdaus/Documents/Daus/Skripsi/API/Rest-API-Rinjani/node_modules/sequelize/lib/dialects/mysql/connection-manager.js:102:17)
    at process.processTicksAndRejections (node:internal/process/task_queues:95:5)
    at async ConnectionManager._connect (/Users/muh.firdaus/Documents/Daus/Skripsi/API/Rest-API-Rinjani/node_modules/sequelize/lib/dialects/abstract/connection-manager.js:222:24)
    at async /Users/muh.firdaus/Documents/Daus/Skripsi/API/Rest-API-Rinjani/node_modules/sequelize/lib/dialects/abstract/connection-manager.js:174:32
 [LOGGER] 2023-11-22 12:52:11.694 AM error : uncaughtException: connect ETIMEDOUT
SequelizeConnectionError: connect ETIMEDOUT
    at ConnectionManager.connect (/Users/muh.firdaus/Documents/Daus/Skripsi/API/Rest-API-Rinjani/node_modules/sequelize/lib/dialects/mysql/connection-manager.js:102:17)
    at process.processTicksAndRejections (node:internal/process/task_queues:95:5)
    at async ConnectionManager._connect (/Users/muh.firdaus/Documents/Daus/Skripsi/API/Rest-API-Rinjani/node_modules/sequelize/lib/dialects/abstract/connection-manager.js:222:24)
    at async /Users/muh.firdaus/Documents/Daus/Skripsi/API/Rest-API-Rinjani/node_modules/sequelize/lib/dialects/abstract/connection-manager.js:174:32
 [LOGGER] 2023-11-22 12:52:11.694 AM error : uncaughtException: connect ETIMEDOUT
SequelizeConnectionError: connect ETIMEDOUT
    at ConnectionManager.connect (/Users/muh.firdaus/Documents/Daus/Skripsi/API/Rest-API-Rinjani/node_modules/sequelize/lib/dialects/mysql/connection-manager.js:102:17)
    at process.processTicksAndRejections (node:internal/process/task_queues:95:5)
    at async ConnectionManager._connect (/Users/muh.firdaus/Documents/Daus/Skripsi/API/Rest-API-Rinjani/node_modules/sequelize/lib/dialects/abstract/connection-manager.js:222:24)
    at async /Users/muh.firdaus/Documents/Daus/Skripsi/API/Rest-API-Rinjani/node_modules/sequelize/lib/dialects/abstract/connection-manager.js:174:32
 [LOGGER] 2023-11-22 12:52:11.694 AM error : uncaughtException: connect ETIMEDOUT
SequelizeConnectionError: connect ETIMEDOUT
    at ConnectionManager.connect (/Users/muh.firdaus/Documents/Daus/Skripsi/API/Rest-API-Rinjani/node_modules/sequelize/lib/dialects/mysql/connection-manager.js:102:17)
    at process.processTicksAndRejections (node:internal/process/task_queues:95:5)
    at async ConnectionManager._connect (/Users/muh.firdaus/Documents/Daus/Skripsi/API/Rest-API-Rinjani/node_modules/sequelize/lib/dialects/abstract/connection-manager.js:222:24)
    at async /Users/muh.firdaus/Documents/Daus/Skripsi/API/Rest-API-Rinjani/node_modules/sequelize/lib/dialects/abstract/connection-manager.js:174:32
 [LOGGER] 2023-11-22 12:52:11.695 AM error : uncaughtException: connect ETIMEDOUT
SequelizeConnectionError: connect ETIMEDOUT
    at ConnectionManager.connect (/Users/muh.firdaus/Documents/Daus/Skripsi/API/Rest-API-Rinjani/node_modules/sequelize/lib/dialects/mysql/connection-manager.js:102:17)
    at process.processTicksAndRejections (node:internal/process/task_queues:95:5)
    at async ConnectionManager._connect (/Users/muh.firdaus/Documents/Daus/Skripsi/API/Rest-API-Rinjani/node_modules/sequelize/lib/dialects/abstract/connection-manager.js:222:24)
    at async /Users/muh.firdaus/Documents/Daus/Skripsi/API/Rest-API-Rinjani/node_modules/sequelize/lib/dialects/abstract/connection-manager.js:174:32
 [LOGGER] 2023-11-22 12:52:11.695 AM error : uncaughtException: connect ETIMEDOUT
SequelizeConnectionError: connect ETIMEDOUT
    at ConnectionManager.connect (/Users/muh.firdaus/Documents/Daus/Skripsi/API/Rest-API-Rinjani/node_modules/sequelize/lib/dialects/mysql/connection-manager.js:102:17)
    at process.processTicksAndRejections (node:internal/process/task_queues:95:5)
    at async ConnectionManager._connect (/Users/muh.firdaus/Documents/Daus/Skripsi/API/Rest-API-Rinjani/node_modules/sequelize/lib/dialects/abstract/connection-manager.js:222:24)
    at async /Users/muh.firdaus/Documents/Daus/Skripsi/API/Rest-API-Rinjani/node_modules/sequelize/lib/dialects/abstract/connection-manager.js:174:32
 [LOGGER] 2023-11-22 12:52:11.696 AM error : uncaughtException: connect ETIMEDOUT
SequelizeConnectionError: connect ETIMEDOUT
    at ConnectionManager.connect (/Users/muh.firdaus/Documents/Daus/Skripsi/API/Rest-API-Rinjani/node_modules/sequelize/lib/dialects/mysql/connection-manager.js:102:17)
    at process.processTicksAndRejections (node:internal/process/task_queues:95:5)
    at async ConnectionManager._connect (/Users/muh.firdaus/Documents/Daus/Skripsi/API/Rest-API-Rinjani/node_modules/sequelize/lib/dialects/abstract/connection-manager.js:222:24)
    at async /Users/muh.firdaus/Documents/Daus/Skripsi/API/Rest-API-Rinjani/node_modules/sequelize/lib/dialects/abstract/connection-manager.js:174:32
 [LOGGER] 2023-11-22 12:57:51.613 AM error : uncaughtException: (conn=-1, no: 45012, SQLState: 08S01) Connection timeout: failed to create socket after 1002ms
SequelizeConnectionError: (conn=-1, no: 45012, SQLState: 08S01) Connection timeout: failed to create socket after 1002ms
    at ConnectionManager.connect (/Users/muh.firdaus/Documents/Daus/Skripsi/API/Rest-API-Rinjani/node_modules/sequelize/lib/dialects/mariadb/connection-manager.js:100:17)
    at process.processTicksAndRejections (node:internal/process/task_queues:95:5)
    at async ConnectionManager._connect (/Users/muh.firdaus/Documents/Daus/Skripsi/API/Rest-API-Rinjani/node_modules/sequelize/lib/dialects/abstract/connection-manager.js:222:24)
    at async /Users/muh.firdaus/Documents/Daus/Skripsi/API/Rest-API-Rinjani/node_modules/sequelize/lib/dialects/abstract/connection-manager.js:174:32
 [LOGGER] 2023-11-22 12:57:51.616 AM error : uncaughtException: (conn=-1, no: 45012, SQLState: 08S01) Connection timeout: failed to create socket after 1002ms
SequelizeConnectionError: (conn=-1, no: 45012, SQLState: 08S01) Connection timeout: failed to create socket after 1002ms
    at ConnectionManager.connect (/Users/muh.firdaus/Documents/Daus/Skripsi/API/Rest-API-Rinjani/node_modules/sequelize/lib/dialects/mariadb/connection-manager.js:100:17)
    at process.processTicksAndRejections (node:internal/process/task_queues:95:5)
    at async ConnectionManager._connect (/Users/muh.firdaus/Documents/Daus/Skripsi/API/Rest-API-Rinjani/node_modules/sequelize/lib/dialects/abstract/connection-manager.js:222:24)
    at async /Users/muh.firdaus/Documents/Daus/Skripsi/API/Rest-API-Rinjani/node_modules/sequelize/lib/dialects/abstract/connection-manager.js:174:32
 [LOGGER] 2023-11-22 12:57:51.617 AM error : uncaughtException: (conn=-1, no: 45012, SQLState: 08S01) Connection timeout: failed to create socket after 1002ms
SequelizeConnectionError: (conn=-1, no: 45012, SQLState: 08S01) Connection timeout: failed to create socket after 1002ms
    at ConnectionManager.connect (/Users/muh.firdaus/Documents/Daus/Skripsi/API/Rest-API-Rinjani/node_modules/sequelize/lib/dialects/mariadb/connection-manager.js:100:17)
    at process.processTicksAndRejections (node:internal/process/task_queues:95:5)
    at async ConnectionManager._connect (/Users/muh.firdaus/Documents/Daus/Skripsi/API/Rest-API-Rinjani/node_modules/sequelize/lib/dialects/abstract/connection-manager.js:222:24)
    at async /Users/muh.firdaus/Documents/Daus/Skripsi/API/Rest-API-Rinjani/node_modules/sequelize/lib/dialects/abstract/connection-manager.js:174:32
 [LOGGER] 2023-11-22 12:57:51.618 AM error : uncaughtException: (conn=-1, no: 45012, SQLState: 08S01) Connection timeout: failed to create socket after 1002ms
SequelizeConnectionError: (conn=-1, no: 45012, SQLState: 08S01) Connection timeout: failed to create socket after 1002ms
    at ConnectionManager.connect (/Users/muh.firdaus/Documents/Daus/Skripsi/API/Rest-API-Rinjani/node_modules/sequelize/lib/dialects/mariadb/connection-manager.js:100:17)
    at process.processTicksAndRejections (node:internal/process/task_queues:95:5)
    at async ConnectionManager._connect (/Users/muh.firdaus/Documents/Daus/Skripsi/API/Rest-API-Rinjani/node_modules/sequelize/lib/dialects/abstract/connection-manager.js:222:24)
    at async /Users/muh.firdaus/Documents/Daus/Skripsi/API/Rest-API-Rinjani/node_modules/sequelize/lib/dialects/abstract/connection-manager.js:174:32
 [LOGGER] 2023-11-22 12:57:51.619 AM error : uncaughtException: (conn=-1, no: 45012, SQLState: 08S01) Connection timeout: failed to create socket after 1002ms
SequelizeConnectionError: (conn=-1, no: 45012, SQLState: 08S01) Connection timeout: failed to create socket after 1002ms
    at ConnectionManager.connect (/Users/muh.firdaus/Documents/Daus/Skripsi/API/Rest-API-Rinjani/node_modules/sequelize/lib/dialects/mariadb/connection-manager.js:100:17)
    at process.processTicksAndRejections (node:internal/process/task_queues:95:5)
    at async ConnectionManager._connect (/Users/muh.firdaus/Documents/Daus/Skripsi/API/Rest-API-Rinjani/node_modules/sequelize/lib/dialects/abstract/connection-manager.js:222:24)
    at async /Users/muh.firdaus/Documents/Daus/Skripsi/API/Rest-API-Rinjani/node_modules/sequelize/lib/dialects/abstract/connection-manager.js:174:32
 [LOGGER] 2023-11-22 12:57:51.620 AM error : uncaughtException: (conn=-1, no: 45012, SQLState: 08S01) Connection timeout: failed to create socket after 1002ms
SequelizeConnectionError: (conn=-1, no: 45012, SQLState: 08S01) Connection timeout: failed to create socket after 1002ms
    at ConnectionManager.connect (/Users/muh.firdaus/Documents/Daus/Skripsi/API/Rest-API-Rinjani/node_modules/sequelize/lib/dialects/mariadb/connection-manager.js:100:17)
    at process.processTicksAndRejections (node:internal/process/task_queues:95:5)
    at async ConnectionManager._connect (/Users/muh.firdaus/Documents/Daus/Skripsi/API/Rest-API-Rinjani/node_modules/sequelize/lib/dialects/abstract/connection-manager.js:222:24)
    at async /Users/muh.firdaus/Documents/Daus/Skripsi/API/Rest-API-Rinjani/node_modules/sequelize/lib/dialects/abstract/connection-manager.js:174:32
 [LOGGER] 2023-11-22 12:57:51.620 AM error : uncaughtException: (conn=-1, no: 45012, SQLState: 08S01) Connection timeout: failed to create socket after 1002ms
SequelizeConnectionError: (conn=-1, no: 45012, SQLState: 08S01) Connection timeout: failed to create socket after 1002ms
    at ConnectionManager.connect (/Users/muh.firdaus/Documents/Daus/Skripsi/API/Rest-API-Rinjani/node_modules/sequelize/lib/dialects/mariadb/connection-manager.js:100:17)
    at process.processTicksAndRejections (node:internal/process/task_queues:95:5)
    at async ConnectionManager._connect (/Users/muh.firdaus/Documents/Daus/Skripsi/API/Rest-API-Rinjani/node_modules/sequelize/lib/dialects/abstract/connection-manager.js:222:24)
    at async /Users/muh.firdaus/Documents/Daus/Skripsi/API/Rest-API-Rinjani/node_modules/sequelize/lib/dialects/abstract/connection-manager.js:174:32
 [LOGGER] 2023-11-22 12:57:51.620 AM error : uncaughtException: (conn=-1, no: 45012, SQLState: 08S01) Connection timeout: failed to create socket after 1002ms
SequelizeConnectionError: (conn=-1, no: 45012, SQLState: 08S01) Connection timeout: failed to create socket after 1002ms
    at ConnectionManager.connect (/Users/muh.firdaus/Documents/Daus/Skripsi/API/Rest-API-Rinjani/node_modules/sequelize/lib/dialects/mariadb/connection-manager.js:100:17)
    at process.processTicksAndRejections (node:internal/process/task_queues:95:5)
    at async ConnectionManager._connect (/Users/muh.firdaus/Documents/Daus/Skripsi/API/Rest-API-Rinjani/node_modules/sequelize/lib/dialects/abstract/connection-manager.js:222:24)
    at async /Users/muh.firdaus/Documents/Daus/Skripsi/API/Rest-API-Rinjani/node_modules/sequelize/lib/dialects/abstract/connection-manager.js:174:32
 [LOGGER] 2023-11-22 12:57:51.622 AM error : uncaughtException: (conn=-1, no: 45012, SQLState: 08S01) Connection timeout: failed to create socket after 1002ms
SequelizeConnectionError: (conn=-1, no: 45012, SQLState: 08S01) Connection timeout: failed to create socket after 1002ms
    at ConnectionManager.connect (/Users/muh.firdaus/Documents/Daus/Skripsi/API/Rest-API-Rinjani/node_modules/sequelize/lib/dialects/mariadb/connection-manager.js:100:17)
    at process.processTicksAndRejections (node:internal/process/task_queues:95:5)
    at async ConnectionManager._connect (/Users/muh.firdaus/Documents/Daus/Skripsi/API/Rest-API-Rinjani/node_modules/sequelize/lib/dialects/abstract/connection-manager.js:222:24)
    at async /Users/muh.firdaus/Documents/Daus/Skripsi/API/Rest-API-Rinjani/node_modules/sequelize/lib/dialects/abstract/connection-manager.js:174:32
 [LOGGER] 2023-11-22 12:57:51.623 AM error : uncaughtException: (conn=-1, no: 45012, SQLState: 08S01) Connection timeout: failed to create socket after 1002ms
SequelizeConnectionError: (conn=-1, no: 45012, SQLState: 08S01) Connection timeout: failed to create socket after 1002ms
    at ConnectionManager.connect (/Users/muh.firdaus/Documents/Daus/Skripsi/API/Rest-API-Rinjani/node_modules/sequelize/lib/dialects/mariadb/connection-manager.js:100:17)
    at process.processTicksAndRejections (node:internal/process/task_queues:95:5)
    at async ConnectionManager._connect (/Users/muh.firdaus/Documents/Daus/Skripsi/API/Rest-API-Rinjani/node_modules/sequelize/lib/dialects/abstract/connection-manager.js:222:24)
    at async /Users/muh.firdaus/Documents/Daus/Skripsi/API/Rest-API-Rinjani/node_modules/sequelize/lib/dialects/abstract/connection-manager.js:174:32
 [LOGGER] 2023-11-22 12:57:51.624 AM error : uncaughtException: (conn=-1, no: 45012, SQLState: 08S01) Connection timeout: failed to create socket after 1002ms
SequelizeConnectionError: (conn=-1, no: 45012, SQLState: 08S01) Connection timeout: failed to create socket after 1002ms
    at ConnectionManager.connect (/Users/muh.firdaus/Documents/Daus/Skripsi/API/Rest-API-Rinjani/node_modules/sequelize/lib/dialects/mariadb/connection-manager.js:100:17)
    at process.processTicksAndRejections (node:internal/process/task_queues:95:5)
    at async ConnectionManager._connect (/Users/muh.firdaus/Documents/Daus/Skripsi/API/Rest-API-Rinjani/node_modules/sequelize/lib/dialects/abstract/connection-manager.js:222:24)
    at async /Users/muh.firdaus/Documents/Daus/Skripsi/API/Rest-API-Rinjani/node_modules/sequelize/lib/dialects/abstract/connection-manager.js:174:32
 [LOGGER] 2023-11-22 12:57:51.624 AM error : uncaughtException: (conn=-1, no: 45012, SQLState: 08S01) Connection timeout: failed to create socket after 1002ms
SequelizeConnectionError: (conn=-1, no: 45012, SQLState: 08S01) Connection timeout: failed to create socket after 1002ms
    at ConnectionManager.connect (/Users/muh.firdaus/Documents/Daus/Skripsi/API/Rest-API-Rinjani/node_modules/sequelize/lib/dialects/mariadb/connection-manager.js:100:17)
    at process.processTicksAndRejections (node:internal/process/task_queues:95:5)
    at async ConnectionManager._connect (/Users/muh.firdaus/Documents/Daus/Skripsi/API/Rest-API-Rinjani/node_modules/sequelize/lib/dialects/abstract/connection-manager.js:222:24)
    at async /Users/muh.firdaus/Documents/Daus/Skripsi/API/Rest-API-Rinjani/node_modules/sequelize/lib/dialects/abstract/connection-manager.js:174:32
 [LOGGER] 2023-11-22 12:57:51.625 AM error : uncaughtException: (conn=-1, no: 45012, SQLState: 08S01) Connection timeout: failed to create socket after 1002ms
SequelizeConnectionError: (conn=-1, no: 45012, SQLState: 08S01) Connection timeout: failed to create socket after 1002ms
    at ConnectionManager.connect (/Users/muh.firdaus/Documents/Daus/Skripsi/API/Rest-API-Rinjani/node_modules/sequelize/lib/dialects/mariadb/connection-manager.js:100:17)
    at process.processTicksAndRejections (node:internal/process/task_queues:95:5)
    at async ConnectionManager._connect (/Users/muh.firdaus/Documents/Daus/Skripsi/API/Rest-API-Rinjani/node_modules/sequelize/lib/dialects/abstract/connection-manager.js:222:24)
    at async /Users/muh.firdaus/Documents/Daus/Skripsi/API/Rest-API-Rinjani/node_modules/sequelize/lib/dialects/abstract/connection-manager.js:174:32
 [LOGGER] 2023-11-22 12:57:51.626 AM error : uncaughtException: (conn=-1, no: 45012, SQLState: 08S01) Connection timeout: failed to create socket after 1002ms
SequelizeConnectionError: (conn=-1, no: 45012, SQLState: 08S01) Connection timeout: failed to create socket after 1002ms
    at ConnectionManager.connect (/Users/muh.firdaus/Documents/Daus/Skripsi/API/Rest-API-Rinjani/node_modules/sequelize/lib/dialects/mariadb/connection-manager.js:100:17)
    at process.processTicksAndRejections (node:internal/process/task_queues:95:5)
    at async ConnectionManager._connect (/Users/muh.firdaus/Documents/Daus/Skripsi/API/Rest-API-Rinjani/node_modules/sequelize/lib/dialects/abstract/connection-manager.js:222:24)
    at async /Users/muh.firdaus/Documents/Daus/Skripsi/API/Rest-API-Rinjani/node_modules/sequelize/lib/dialects/abstract/connection-manager.js:174:32
 [LOGGER] 2023-11-22 12:57:51.627 AM error : uncaughtException: (conn=-1, no: 45012, SQLState: 08S01) Connection timeout: failed to create socket after 1002ms
SequelizeConnectionError: (conn=-1, no: 45012, SQLState: 08S01) Connection timeout: failed to create socket after 1002ms
    at ConnectionManager.connect (/Users/muh.firdaus/Documents/Daus/Skripsi/API/Rest-API-Rinjani/node_modules/sequelize/lib/dialects/mariadb/connection-manager.js:100:17)
    at process.processTicksAndRejections (node:internal/process/task_queues:95:5)
    at async ConnectionManager._connect (/Users/muh.firdaus/Documents/Daus/Skripsi/API/Rest-API-Rinjani/node_modules/sequelize/lib/dialects/abstract/connection-manager.js:222:24)
    at async /Users/muh.firdaus/Documents/Daus/Skripsi/API/Rest-API-Rinjani/node_modules/sequelize/lib/dialects/abstract/connection-manager.js:174:32
 [LOGGER] 2023-11-22 12:57:51.628 AM error : uncaughtException: (conn=-1, no: 45012, SQLState: 08S01) Connection timeout: failed to create socket after 1002ms
SequelizeConnectionError: (conn=-1, no: 45012, SQLState: 08S01) Connection timeout: failed to create socket after 1002ms
    at ConnectionManager.connect (/Users/muh.firdaus/Documents/Daus/Skripsi/API/Rest-API-Rinjani/node_modules/sequelize/lib/dialects/mariadb/connection-manager.js:100:17)
    at process.processTicksAndRejections (node:internal/process/task_queues:95:5)
    at async ConnectionManager._connect (/Users/muh.firdaus/Documents/Daus/Skripsi/API/Rest-API-Rinjani/node_modules/sequelize/lib/dialects/abstract/connection-manager.js:222:24)
    at async /Users/muh.firdaus/Documents/Daus/Skripsi/API/Rest-API-Rinjani/node_modules/sequelize/lib/dialects/abstract/connection-manager.js:174:32
 [LOGGER] 2023-11-22 12:57:51.628 AM error : uncaughtException: (conn=-1, no: 45012, SQLState: 08S01) Connection timeout: failed to create socket after 1002ms
SequelizeConnectionError: (conn=-1, no: 45012, SQLState: 08S01) Connection timeout: failed to create socket after 1002ms
    at ConnectionManager.connect (/Users/muh.firdaus/Documents/Daus/Skripsi/API/Rest-API-Rinjani/node_modules/sequelize/lib/dialects/mariadb/connection-manager.js:100:17)
    at process.processTicksAndRejections (node:internal/process/task_queues:95:5)
    at async ConnectionManager._connect (/Users/muh.firdaus/Documents/Daus/Skripsi/API/Rest-API-Rinjani/node_modules/sequelize/lib/dialects/abstract/connection-manager.js:222:24)
    at async /Users/muh.firdaus/Documents/Daus/Skripsi/API/Rest-API-Rinjani/node_modules/sequelize/lib/dialects/abstract/connection-manager.js:174:32
 [LOGGER] 2023-11-22 12:59:09.724 AM error : uncaughtException: swaggerDocument is not defined
ReferenceError: swaggerDocument is not defined
    at file:///Users/muh.firdaus/Documents/Daus/Skripsi/API/Rest-API-Rinjani/src/api-docs/docRoute.js:12:39
    at ModuleJob.run (node:internal/modules/esm/module_job:194:25)
 [LOGGER] 2023-11-22 12:59:31.247 AM error : uncaughtException: swaggerDocument is not defined
ReferenceError: swaggerDocument is not defined
    at file:///Users/muh.firdaus/Documents/Daus/Skripsi/API/Rest-API-Rinjani/src/api-docs/docRoute.js:12:39
    at ModuleJob.run (node:internal/modules/esm/module_job:194:25)
 [LOGGER] 2023-11-22 01:21:17.332 AM error : uncaughtException: ex is not defined
ReferenceError: ex is not defined
    at file:///Users/muh.firdaus/Documents/Daus/Skripsi/API/Rest-API-Rinjani/src/index.js:41:3
    at ModuleJob.run (node:internal/modules/esm/module_job:194:25)
 [LOGGER] 2023-11-22 01:21:20.612 AM error : uncaughtException: explore is not defined
ReferenceError: explore is not defined
    at file:///Users/muh.firdaus/Documents/Daus/Skripsi/API/Rest-API-Rinjani/src/index.js:41:3
    at ModuleJob.run (node:internal/modules/esm/module_job:194:25)
 [LOGGER] 2023-11-22 07:47:14.319 AM error : uncaughtException: docRoute is not defined
ReferenceError: docRoute is not defined
    at file:///Users/muh.firdaus/Documents/Daus/Skripsi/API/Rest-API-Rinjani/src/routes/index.js:30:19
    at ModuleJob.run (node:internal/modules/esm/module_job:194:25)
