 [LOGGER] 2024-01-07 10:11:08.947 PM error : uncaughtException: setReview is not defined
ReferenceError: setReview is not defined
    at file:///Users/muh.firdaus/Documents/Daus/Skripsi/APP/API/Rest-API-Rinjani/src/routes/reviewRoute.js:7:44
    at ModuleJob.run (node:internal/modules/esm/module_job:194:25)
 [LOGGER] 2024-01-07 10:14:19.904 PM error : uncaughtException: read ETIMEDOUT
SequelizeConnectionError: read ETIMEDOUT
    at ConnectionManager.connect (/Users/muh.firdaus/Documents/Daus/Skripsi/APP/API/Rest-API-Rinjani/node_modules/sequelize/lib/dialects/mysql/connection-manager.js:102:17)
    at process.processTicksAndRejections (node:internal/process/task_queues:95:5)
    at async ConnectionManager._connect (/Users/muh.firdaus/Documents/Daus/Skripsi/APP/API/Rest-API-Rinjani/node_modules/sequelize/lib/dialects/abstract/connection-manager.js:222:24)
    at async /Users/muh.firdaus/Documents/Daus/Skripsi/APP/API/Rest-API-Rinjani/node_modules/sequelize/lib/dialects/abstract/connection-manager.js:174:32
 [LOGGER] 2024-01-07 10:14:19.907 PM error : uncaughtException: read ETIMEDOUT
SequelizeConnectionError: read ETIMEDOUT
    at ConnectionManager.connect (/Users/muh.firdaus/Documents/Daus/Skripsi/APP/API/Rest-API-Rinjani/node_modules/sequelize/lib/dialects/mysql/connection-manager.js:102:17)
    at process.processTicksAndRejections (node:internal/process/task_queues:95:5)
    at async ConnectionManager._connect (/Users/muh.firdaus/Documents/Daus/Skripsi/APP/API/Rest-API-Rinjani/node_modules/sequelize/lib/dialects/abstract/connection-manager.js:222:24)
    at async /Users/muh.firdaus/Documents/Daus/Skripsi/APP/API/Rest-API-Rinjani/node_modules/sequelize/lib/dialects/abstract/connection-manager.js:174:32
 [LOGGER] 2024-01-07 10:14:19.908 PM error : uncaughtException: read ETIMEDOUT
SequelizeConnectionError: read ETIMEDOUT
    at ConnectionManager.connect (/Users/muh.firdaus/Documents/Daus/Skripsi/APP/API/Rest-API-Rinjani/node_modules/sequelize/lib/dialects/mysql/connection-manager.js:102:17)
    at process.processTicksAndRejections (node:internal/process/task_queues:95:5)
    at async ConnectionManager._connect (/Users/muh.firdaus/Documents/Daus/Skripsi/APP/API/Rest-API-Rinjani/node_modules/sequelize/lib/dialects/abstract/connection-manager.js:222:24)
    at async /Users/muh.firdaus/Documents/Daus/Skripsi/APP/API/Rest-API-Rinjani/node_modules/sequelize/lib/dialects/abstract/connection-manager.js:174:32
 [LOGGER] 2024-01-07 10:14:19.909 PM error : uncaughtException: read ETIMEDOUT
SequelizeConnectionError: read ETIMEDOUT
    at ConnectionManager.connect (/Users/muh.firdaus/Documents/Daus/Skripsi/APP/API/Rest-API-Rinjani/node_modules/sequelize/lib/dialects/mysql/connection-manager.js:102:17)
    at process.processTicksAndRejections (node:internal/process/task_queues:95:5)
    at async ConnectionManager._connect (/Users/muh.firdaus/Documents/Daus/Skripsi/APP/API/Rest-API-Rinjani/node_modules/sequelize/lib/dialects/abstract/connection-manager.js:222:24)
    at async /Users/muh.firdaus/Documents/Daus/Skripsi/APP/API/Rest-API-Rinjani/node_modules/sequelize/lib/dialects/abstract/connection-manager.js:174:32
 [LOGGER] 2024-01-07 10:14:19.909 PM error : uncaughtException: read ETIMEDOUT
SequelizeConnectionError: read ETIMEDOUT
    at ConnectionManager.connect (/Users/muh.firdaus/Documents/Daus/Skripsi/APP/API/Rest-API-Rinjani/node_modules/sequelize/lib/dialects/mysql/connection-manager.js:102:17)
    at process.processTicksAndRejections (node:internal/process/task_queues:95:5)
    at async ConnectionManager._connect (/Users/muh.firdaus/Documents/Daus/Skripsi/APP/API/Rest-API-Rinjani/node_modules/sequelize/lib/dialects/abstract/connection-manager.js:222:24)
    at async /Users/muh.firdaus/Documents/Daus/Skripsi/APP/API/Rest-API-Rinjani/node_modules/sequelize/lib/dialects/abstract/connection-manager.js:174:32
 [LOGGER] 2024-01-07 10:14:19.909 PM error : uncaughtException: read ETIMEDOUT
SequelizeConnectionError: read ETIMEDOUT
    at ConnectionManager.connect (/Users/muh.firdaus/Documents/Daus/Skripsi/APP/API/Rest-API-Rinjani/node_modules/sequelize/lib/dialects/mysql/connection-manager.js:102:17)
    at process.processTicksAndRejections (node:internal/process/task_queues:95:5)
    at async ConnectionManager._connect (/Users/muh.firdaus/Documents/Daus/Skripsi/APP/API/Rest-API-Rinjani/node_modules/sequelize/lib/dialects/abstract/connection-manager.js:222:24)
    at async /Users/muh.firdaus/Documents/Daus/Skripsi/APP/API/Rest-API-Rinjani/node_modules/sequelize/lib/dialects/abstract/connection-manager.js:174:32
 [LOGGER] 2024-01-07 10:14:19.910 PM error : uncaughtException: read ETIMEDOUT
SequelizeConnectionError: read ETIMEDOUT
    at ConnectionManager.connect (/Users/muh.firdaus/Documents/Daus/Skripsi/APP/API/Rest-API-Rinjani/node_modules/sequelize/lib/dialects/mysql/connection-manager.js:102:17)
    at process.processTicksAndRejections (node:internal/process/task_queues:95:5)
    at async ConnectionManager._connect (/Users/muh.firdaus/Documents/Daus/Skripsi/APP/API/Rest-API-Rinjani/node_modules/sequelize/lib/dialects/abstract/connection-manager.js:222:24)
    at async /Users/muh.firdaus/Documents/Daus/Skripsi/APP/API/Rest-API-Rinjani/node_modules/sequelize/lib/dialects/abstract/connection-manager.js:174:32
 [LOGGER] 2024-01-07 10:14:19.911 PM error : uncaughtException: read ETIMEDOUT
SequelizeConnectionError: read ETIMEDOUT
    at ConnectionManager.connect (/Users/muh.firdaus/Documents/Daus/Skripsi/APP/API/Rest-API-Rinjani/node_modules/sequelize/lib/dialects/mysql/connection-manager.js:102:17)
    at process.processTicksAndRejections (node:internal/process/task_queues:95:5)
    at async ConnectionManager._connect (/Users/muh.firdaus/Documents/Daus/Skripsi/APP/API/Rest-API-Rinjani/node_modules/sequelize/lib/dialects/abstract/connection-manager.js:222:24)
    at async /Users/muh.firdaus/Documents/Daus/Skripsi/APP/API/Rest-API-Rinjani/node_modules/sequelize/lib/dialects/abstract/connection-manager.js:174:32
 [LOGGER] 2024-01-07 10:14:19.912 PM error : uncaughtException: read ETIMEDOUT
SequelizeConnectionError: read ETIMEDOUT
    at ConnectionManager.connect (/Users/muh.firdaus/Documents/Daus/Skripsi/APP/API/Rest-API-Rinjani/node_modules/sequelize/lib/dialects/mysql/connection-manager.js:102:17)
    at process.processTicksAndRejections (node:internal/process/task_queues:95:5)
    at async ConnectionManager._connect (/Users/muh.firdaus/Documents/Daus/Skripsi/APP/API/Rest-API-Rinjani/node_modules/sequelize/lib/dialects/abstract/connection-manager.js:222:24)
    at async /Users/muh.firdaus/Documents/Daus/Skripsi/APP/API/Rest-API-Rinjani/node_modules/sequelize/lib/dialects/abstract/connection-manager.js:174:32
 [LOGGER] 2024-01-07 10:14:19.913 PM error : uncaughtException: read ETIMEDOUT
SequelizeConnectionError: read ETIMEDOUT
    at ConnectionManager.connect (/Users/muh.firdaus/Documents/Daus/Skripsi/APP/API/Rest-API-Rinjani/node_modules/sequelize/lib/dialects/mysql/connection-manager.js:102:17)
    at process.processTicksAndRejections (node:internal/process/task_queues:95:5)
    at async ConnectionManager._connect (/Users/muh.firdaus/Documents/Daus/Skripsi/APP/API/Rest-API-Rinjani/node_modules/sequelize/lib/dialects/abstract/connection-manager.js:222:24)
    at async /Users/muh.firdaus/Documents/Daus/Skripsi/APP/API/Rest-API-Rinjani/node_modules/sequelize/lib/dialects/abstract/connection-manager.js:174:32
 [LOGGER] 2024-01-07 10:14:19.916 PM error : uncaughtException: read ETIMEDOUT
SequelizeConnectionError: read ETIMEDOUT
    at ConnectionManager.connect (/Users/muh.firdaus/Documents/Daus/Skripsi/APP/API/Rest-API-Rinjani/node_modules/sequelize/lib/dialects/mysql/connection-manager.js:102:17)
    at process.processTicksAndRejections (node:internal/process/task_queues:95:5)
    at async ConnectionManager._connect (/Users/muh.firdaus/Documents/Daus/Skripsi/APP/API/Rest-API-Rinjani/node_modules/sequelize/lib/dialects/abstract/connection-manager.js:222:24)
    at async /Users/muh.firdaus/Documents/Daus/Skripsi/APP/API/Rest-API-Rinjani/node_modules/sequelize/lib/dialects/abstract/connection-manager.js:174:32
 [LOGGER] 2024-01-07 10:14:19.916 PM error : uncaughtException: read ETIMEDOUT
SequelizeConnectionError: read ETIMEDOUT
    at ConnectionManager.connect (/Users/muh.firdaus/Documents/Daus/Skripsi/APP/API/Rest-API-Rinjani/node_modules/sequelize/lib/dialects/mysql/connection-manager.js:102:17)
    at process.processTicksAndRejections (node:internal/process/task_queues:95:5)
    at async ConnectionManager._connect (/Users/muh.firdaus/Documents/Daus/Skripsi/APP/API/Rest-API-Rinjani/node_modules/sequelize/lib/dialects/abstract/connection-manager.js:222:24)
    at async /Users/muh.firdaus/Documents/Daus/Skripsi/APP/API/Rest-API-Rinjani/node_modules/sequelize/lib/dialects/abstract/connection-manager.js:174:32
 [LOGGER] 2024-01-07 10:14:19.917 PM error : uncaughtException: read ETIMEDOUT
SequelizeConnectionError: read ETIMEDOUT
    at ConnectionManager.connect (/Users/muh.firdaus/Documents/Daus/Skripsi/APP/API/Rest-API-Rinjani/node_modules/sequelize/lib/dialects/mysql/connection-manager.js:102:17)
    at process.processTicksAndRejections (node:internal/process/task_queues:95:5)
    at async ConnectionManager._connect (/Users/muh.firdaus/Documents/Daus/Skripsi/APP/API/Rest-API-Rinjani/node_modules/sequelize/lib/dialects/abstract/connection-manager.js:222:24)
    at async /Users/muh.firdaus/Documents/Daus/Skripsi/APP/API/Rest-API-Rinjani/node_modules/sequelize/lib/dialects/abstract/connection-manager.js:174:32
 [LOGGER] 2024-01-07 10:14:19.917 PM error : uncaughtException: read ETIMEDOUT
SequelizeConnectionError: read ETIMEDOUT
    at ConnectionManager.connect (/Users/muh.firdaus/Documents/Daus/Skripsi/APP/API/Rest-API-Rinjani/node_modules/sequelize/lib/dialects/mysql/connection-manager.js:102:17)
    at process.processTicksAndRejections (node:internal/process/task_queues:95:5)
    at async ConnectionManager._connect (/Users/muh.firdaus/Documents/Daus/Skripsi/APP/API/Rest-API-Rinjani/node_modules/sequelize/lib/dialects/abstract/connection-manager.js:222:24)
    at async /Users/muh.firdaus/Documents/Daus/Skripsi/APP/API/Rest-API-Rinjani/node_modules/sequelize/lib/dialects/abstract/connection-manager.js:174:32
 [LOGGER] 2024-01-07 10:14:19.917 PM error : uncaughtException: read ETIMEDOUT
SequelizeConnectionError: read ETIMEDOUT
    at ConnectionManager.connect (/Users/muh.firdaus/Documents/Daus/Skripsi/APP/API/Rest-API-Rinjani/node_modules/sequelize/lib/dialects/mysql/connection-manager.js:102:17)
    at process.processTicksAndRejections (node:internal/process/task_queues:95:5)
    at async ConnectionManager._connect (/Users/muh.firdaus/Documents/Daus/Skripsi/APP/API/Rest-API-Rinjani/node_modules/sequelize/lib/dialects/abstract/connection-manager.js:222:24)
    at async /Users/muh.firdaus/Documents/Daus/Skripsi/APP/API/Rest-API-Rinjani/node_modules/sequelize/lib/dialects/abstract/connection-manager.js:174:32
 [LOGGER] 2024-01-07 10:14:19.918 PM error : uncaughtException: read ETIMEDOUT
SequelizeConnectionError: read ETIMEDOUT
    at ConnectionManager.connect (/Users/muh.firdaus/Documents/Daus/Skripsi/APP/API/Rest-API-Rinjani/node_modules/sequelize/lib/dialects/mysql/connection-manager.js:102:17)
    at process.processTicksAndRejections (node:internal/process/task_queues:95:5)
    at async ConnectionManager._connect (/Users/muh.firdaus/Documents/Daus/Skripsi/APP/API/Rest-API-Rinjani/node_modules/sequelize/lib/dialects/abstract/connection-manager.js:222:24)
    at async /Users/muh.firdaus/Documents/Daus/Skripsi/APP/API/Rest-API-Rinjani/node_modules/sequelize/lib/dialects/abstract/connection-manager.js:174:32
 [LOGGER] 2024-01-07 10:14:19.918 PM error : uncaughtException: read ETIMEDOUT
SequelizeConnectionError: read ETIMEDOUT
    at ConnectionManager.connect (/Users/muh.firdaus/Documents/Daus/Skripsi/APP/API/Rest-API-Rinjani/node_modules/sequelize/lib/dialects/mysql/connection-manager.js:102:17)
    at process.processTicksAndRejections (node:internal/process/task_queues:95:5)
    at async ConnectionManager._connect (/Users/muh.firdaus/Documents/Daus/Skripsi/APP/API/Rest-API-Rinjani/node_modules/sequelize/lib/dialects/abstract/connection-manager.js:222:24)
    at async /Users/muh.firdaus/Documents/Daus/Skripsi/APP/API/Rest-API-Rinjani/node_modules/sequelize/lib/dialects/abstract/connection-manager.js:174:32
 [LOGGER] 2024-01-07 10:14:19.918 PM error : uncaughtException: read ETIMEDOUT
SequelizeConnectionError: read ETIMEDOUT
    at ConnectionManager.connect (/Users/muh.firdaus/Documents/Daus/Skripsi/APP/API/Rest-API-Rinjani/node_modules/sequelize/lib/dialects/mysql/connection-manager.js:102:17)
    at process.processTicksAndRejections (node:internal/process/task_queues:95:5)
    at async ConnectionManager._connect (/Users/muh.firdaus/Documents/Daus/Skripsi/APP/API/Rest-API-Rinjani/node_modules/sequelize/lib/dialects/abstract/connection-manager.js:222:24)
    at async /Users/muh.firdaus/Documents/Daus/Skripsi/APP/API/Rest-API-Rinjani/node_modules/sequelize/lib/dialects/abstract/connection-manager.js:174:32
 [LOGGER] 2024-01-07 10:18:41.086 PM error : controllers/raviewController.js:getAllReview - rating is not defined
 [LOGGER] 2024-01-07 10:20:45.898 PM error : controllers/raviewController.js:getAllReview - Cannot access 'User' before initialization
 [LOGGER] 2024-01-07 10:22:01.781 PM error : controllers/raviewController.js:getAllReview - Cannot access 'User' before initialization
 [LOGGER] 2024-01-07 10:22:42.775 PM error : controllers/raviewController.js:getAllReview - Cannot read properties of undefined (reading 'name')
 [LOGGER] 2024-01-07 10:26:51.177 PM error : controllers/raviewController.js:getAllReview - Cannot read properties of undefined (reading 'name')
