 [LOGGER] 2024-02-19 02:00:02.906 PM error : controllers/productController.js:setProductJson - Expected a string but received a Array
 [LOGGER] 2024-02-19 02:00:50.385 PM error : controllers/productController.js:setProductJson - Expected a string but received a Array
 [LOGGER] 2024-02-19 02:03:18.550 PM error : controllers/productController.js:setProductJson - Expected a string but received a Array
 [LOGGER] 2024-02-19 02:03:33.340 PM error : controllers/productController.js:setProductJson - Expected a string but received a Array
 [LOGGER] 2024-02-19 02:03:46.911 PM error : controllers/productController.js:setProductJson - Expected a string but received a Array
 [LOGGER] 2024-02-19 02:03:56.180 PM error : controllers/productController.js:setProductJson - Expected a string but received a Array
 [LOGGER] 2024-02-19 02:07:13.955 PM error : controllers/productController.js:setProductJson - Expected a string but received a Array
 [LOGGER] 2024-02-19 02:15:57.886 PM error : uncaughtException: Transaction cannot be rolled back because it has been finished with state: commit
Error: Transaction cannot be rolled back because it has been finished with state: commit
    at Transaction.rollback (/Users/muh.firdaus/Documents/Daus/Skripsi/APP/API/Rest-API-Rinjani/node_modules/sequelize/lib/transaction.js:59:13)
    at addFacility (file:///Users/muh.firdaus/Documents/Daus/Skripsi/APP/API/Rest-API-Rinjani/src/controllers/facilityController.js:161:13)
    at process.processTicksAndRejections (node:internal/process/task_queues:95:5)
 [LOGGER] 2024-02-19 02:21:46.800 PM error : uncaughtException: Transaction cannot be rolled back because it has been finished with state: commit
Error: Transaction cannot be rolled back because it has been finished with state: commit
    at Transaction.rollback (/Users/muh.firdaus/Documents/Daus/Skripsi/APP/API/Rest-API-Rinjani/node_modules/sequelize/lib/transaction.js:59:13)
    at addFacility (file:///Users/muh.firdaus/Documents/Daus/Skripsi/APP/API/Rest-API-Rinjani/src/controllers/facilityController.js:164:15)
    at process.processTicksAndRejections (node:internal/process/task_queues:95:5)
 [LOGGER] 2024-02-19 02:26:54.868 PM error : controllers/facilityController.js:addFacility - Validation error
 [LOGGER] 2024-02-19 02:42:04.593 PM error : controllers/productController.js:deleteProduct - Cannot delete or update a parent row: a foreign key constraint fails (`rinjani-database`.`product_facility`, CONSTRAINT `product_facility_ibfk_1` FOREIGN KEY (`product_id`) REFERENCES `product` (`product_id`) ON DELETE RESTRICT ON UPDATE RESTRICT)
 [LOGGER] 2024-02-19 03:23:51.408 PM error : controllers/bookingController.js:setBooking - sendMail is not defined
 [LOGGER] 2024-02-19 03:27:58.917 PM error : controllers/bookingController.js:setBooking - No recipients defined
 [LOGGER] 2024-02-19 04:18:50.377 PM error : controllers/bookingController.js:updateBookingAdmin - Unknown column 'Booking.totalPerson' in 'field list'
 [LOGGER] 2024-02-19 04:19:28.797 PM error : controllers/bookingController.js:updateBookingAdmin - Cannot read properties of undefined (reading 'addOns')
 [LOGGER] 2024-02-19 04:20:16.757 PM error : controllers/bookingController.js:updateBookingAdmin - Cannot read properties of undefined (reading 'addOns')
 [LOGGER] 2024-02-19 04:20:45.482 PM error : controllers/bookingController.js:updateBookingAdmin - Cannot read properties of undefined (reading 'addOns')
 [LOGGER] 2024-02-19 04:20:55.473 PM error : controllers/bookingController.js:updateBookingAdmin - Cannot read properties of undefined (reading 'addOns')
 [LOGGER] 2024-02-19 04:20:58.662 PM error : controllers/bookingController.js:updateBookingAdmin - Cannot read properties of undefined (reading 'addOns')
 [LOGGER] 2024-02-19 04:21:14.266 PM error : controllers/bookingController.js:updateBookingAdmin - startDateTime is not defined
 [LOGGER] 2024-02-19 04:22:01.476 PM error : controllers/bookingController.js:updateBookingAdmin - No recipients defined
