 [LOGGER] 2023-11-15 10:51:33.261 AM error : uncaughtException: (conn=2614, no: 3734, SQLState: HY000) Failed to add the foreign key constraint. Missing column 'userId' for constraint 'favorites_ibfk_1' in the referenced table 'user'
sql: CREATE TABLE IF NOT EXISTS `favorites` (`favorite_id` INTEGER NOT NULL auto_increment , `user_id` CHAR(36) BINARY, `product_id` CHAR(36) BINARY, `created_at` DATETIME NOT NULL, `updated_at` DATETIME NOT NULL, `user_user_id` CHAR(36) BINARY, `product_product_id` CHAR(36) BINARY, UNIQUE `favorites_ProductProductId_UserUserId_unique` (`user_user_id`, `product_product_id`), PRIMARY KEY (`favorite_id`), FOREIGN KEY (`user_id`) REFERENCES `user` (`userId`), FOREIGN KEY (`product_id`) REFERENCES `product` (`productId`), FOREIGN KEY (`user_user_id`) REFERENCES `user` (`user_id`) ON DELETE CASCADE ON UPDATE CASCADE, FOREIGN KEY (`product_product_id`) REFERENCES `product` (`product_id`) ON DELETE CASCADE ON UPDATE CASCADE) ENGINE=InnoDB; - parameters:[]
Error
    at Query.run (/Users/muh.firdaus/Documents/Daus/Skripsi/API/Rest-API-Rinjani/node_modules/sequelize/lib/dialects/mariadb/query.js:53:25)
    at /Users/muh.firdaus/Documents/Daus/Skripsi/API/Rest-API-Rinjani/node_modules/sequelize/lib/sequelize.js:315:28
    at process.processTicksAndRejections (node:internal/process/task_queues:95:5)
    at async MySQLQueryInterface.createTable (/Users/muh.firdaus/Documents/Daus/Skripsi/API/Rest-API-Rinjani/node_modules/sequelize/lib/dialects/abstract/query-interface.js:98:12)
    at async Favorites.sync (/Users/muh.firdaus/Documents/Daus/Skripsi/API/Rest-API-Rinjani/node_modules/sequelize/lib/model.js:942:7)
    at async Sequelize.sync (/Users/muh.firdaus/Documents/Daus/Skripsi/API/Rest-API-Rinjani/node_modules/sequelize/lib/sequelize.js:377:9)
 [LOGGER] 2023-11-15 10:51:33.264 AM error : uncaughtException: (conn=2614, no: 3734, SQLState: HY000) Failed to add the foreign key constraint. Missing column 'userId' for constraint 'favorites_ibfk_1' in the referenced table 'user'
sql: CREATE TABLE IF NOT EXISTS `favorites` (`favorite_id` INTEGER NOT NULL auto_increment , `user_id` CHAR(36) BINARY, `product_id` CHAR(36) BINARY, `created_at` DATETIME NOT NULL, `updated_at` DATETIME NOT NULL, `user_user_id` CHAR(36) BINARY, `product_product_id` CHAR(36) BINARY, UNIQUE `favorites_ProductProductId_UserUserId_unique` (`user_user_id`, `product_product_id`), PRIMARY KEY (`favorite_id`), FOREIGN KEY (`user_id`) REFERENCES `user` (`userId`), FOREIGN KEY (`product_id`) REFERENCES `product` (`productId`), FOREIGN KEY (`user_user_id`) REFERENCES `user` (`user_id`) ON DELETE CASCADE ON UPDATE CASCADE, FOREIGN KEY (`product_product_id`) REFERENCES `product` (`product_id`) ON DELETE CASCADE ON UPDATE CASCADE) ENGINE=InnoDB; - parameters:[]
Error
    at Query.run (/Users/muh.firdaus/Documents/Daus/Skripsi/API/Rest-API-Rinjani/node_modules/sequelize/lib/dialects/mariadb/query.js:53:25)
    at /Users/muh.firdaus/Documents/Daus/Skripsi/API/Rest-API-Rinjani/node_modules/sequelize/lib/sequelize.js:315:28
    at process.processTicksAndRejections (node:internal/process/task_queues:95:5)
    at async MySQLQueryInterface.createTable (/Users/muh.firdaus/Documents/Daus/Skripsi/API/Rest-API-Rinjani/node_modules/sequelize/lib/dialects/abstract/query-interface.js:98:12)
    at async Favorites.sync (/Users/muh.firdaus/Documents/Daus/Skripsi/API/Rest-API-Rinjani/node_modules/sequelize/lib/model.js:942:7)
    at async Sequelize.sync (/Users/muh.firdaus/Documents/Daus/Skripsi/API/Rest-API-Rinjani/node_modules/sequelize/lib/sequelize.js:377:9)
 [LOGGER] 2023-11-15 10:51:33.264 AM error : uncaughtException: (conn=2617, no: 3734, SQLState: HY000) Failed to add the foreign key constraint. Missing column 'userId' for constraint 'favorites_ibfk_1' in the referenced table 'user'
sql: CREATE TABLE IF NOT EXISTS `favorites` (`favorite_id` INTEGER NOT NULL auto_increment , `user_id` CHAR(36) BINARY, `product_id` CHAR(36) BINARY, `created_at` DATETIME NOT NULL, `updated_at` DATETIME NOT NULL, `user_user_id` CHAR(36) BINARY, `product_product_id` CHAR(36) BINARY, UNIQUE `favorites_ProductProductId_UserUserId_unique` (`user_user_id`, `product_product_id`), PRIMARY KEY (`favorite_id`), FOREIGN KEY (`user_id`) REFERENCES `user` (`userId`), FOREIGN KEY (`product_id`) REFERENCES `product` (`productId`), FOREIGN KEY (`user_user_id`) REFERENCES `user` (`user_id`) ON DELETE CASCADE ON UPDATE CASCADE, FOREIGN KEY (`product_product_id`) REFERENCES `product` (`product_id`) ON DELETE CASCADE ON UPDATE CASCADE) ENGINE=InnoDB; - parameters:[]
Error
    at Query.run (/Users/muh.firdaus/Documents/Daus/Skripsi/API/Rest-API-Rinjani/node_modules/sequelize/lib/dialects/mariadb/query.js:53:25)
    at /Users/muh.firdaus/Documents/Daus/Skripsi/API/Rest-API-Rinjani/node_modules/sequelize/lib/sequelize.js:315:28
    at process.processTicksAndRejections (node:internal/process/task_queues:95:5)
    at async MySQLQueryInterface.createTable (/Users/muh.firdaus/Documents/Daus/Skripsi/API/Rest-API-Rinjani/node_modules/sequelize/lib/dialects/abstract/query-interface.js:98:12)
    at async Favorites.sync (/Users/muh.firdaus/Documents/Daus/Skripsi/API/Rest-API-Rinjani/node_modules/sequelize/lib/model.js:942:7)
    at async Sequelize.sync (/Users/muh.firdaus/Documents/Daus/Skripsi/API/Rest-API-Rinjani/node_modules/sequelize/lib/sequelize.js:377:9)
 [LOGGER] 2023-11-15 10:51:33.265 AM error : uncaughtException: (conn=2616, no: 3734, SQLState: HY000) Failed to add the foreign key constraint. Missing column 'userId' for constraint 'favorites_ibfk_1' in the referenced table 'user'
sql: CREATE TABLE IF NOT EXISTS `favorites` (`favorite_id` INTEGER NOT NULL auto_increment , `user_id` CHAR(36) BINARY, `product_id` CHAR(36) BINARY, `created_at` DATETIME NOT NULL, `updated_at` DATETIME NOT NULL, `user_user_id` CHAR(36) BINARY, `product_product_id` CHAR(36) BINARY, UNIQUE `favorites_ProductProductId_UserUserId_unique` (`user_user_id`, `product_product_id`), PRIMARY KEY (`favorite_id`), FOREIGN KEY (`user_id`) REFERENCES `user` (`userId`), FOREIGN KEY (`product_id`) REFERENCES `product` (`productId`), FOREIGN KEY (`user_user_id`) REFERENCES `user` (`user_id`) ON DELETE CASCADE ON UPDATE CASCADE, FOREIGN KEY (`product_product_id`) REFERENCES `product` (`product_id`) ON DELETE CASCADE ON UPDATE CASCADE) ENGINE=InnoDB; - parameters:[]
Error
    at Query.run (/Users/muh.firdaus/Documents/Daus/Skripsi/API/Rest-API-Rinjani/node_modules/sequelize/lib/dialects/mariadb/query.js:53:25)
    at /Users/muh.firdaus/Documents/Daus/Skripsi/API/Rest-API-Rinjani/node_modules/sequelize/lib/sequelize.js:315:28
    at process.processTicksAndRejections (node:internal/process/task_queues:95:5)
    at async MySQLQueryInterface.createTable (/Users/muh.firdaus/Documents/Daus/Skripsi/API/Rest-API-Rinjani/node_modules/sequelize/lib/dialects/abstract/query-interface.js:98:12)
    at async Favorites.sync (/Users/muh.firdaus/Documents/Daus/Skripsi/API/Rest-API-Rinjani/node_modules/sequelize/lib/model.js:942:7)
    at async Sequelize.sync (/Users/muh.firdaus/Documents/Daus/Skripsi/API/Rest-API-Rinjani/node_modules/sequelize/lib/sequelize.js:377:9)
 [LOGGER] 2023-11-15 10:51:33.265 AM error : uncaughtException: (conn=2618, no: 3734, SQLState: HY000) Failed to add the foreign key constraint. Missing column 'userId' for constraint 'favorites_ibfk_1' in the referenced table 'user'
sql: CREATE TABLE IF NOT EXISTS `favorites` (`favorite_id` INTEGER NOT NULL auto_increment , `user_id` CHAR(36) BINARY, `product_id` CHAR(36) BINARY, `created_at` DATETIME NOT NULL, `updated_at` DATETIME NOT NULL, `user_user_id` CHAR(36) BINARY, `product_product_id` CHAR(36) BINARY, UNIQUE `favorites_ProductProductId_UserUserId_unique` (`user_user_id`, `product_product_id`), PRIMARY KEY (`favorite_id`), FOREIGN KEY (`user_id`) REFERENCES `user` (`userId`), FOREIGN KEY (`product_id`) REFERENCES `product` (`productId`), FOREIGN KEY (`user_user_id`) REFERENCES `user` (`user_id`) ON DELETE CASCADE ON UPDATE CASCADE, FOREIGN KEY (`product_product_id`) REFERENCES `product` (`product_id`) ON DELETE CASCADE ON UPDATE CASCADE) ENGINE=InnoDB; - parameters:[]
Error
    at Query.run (/Users/muh.firdaus/Documents/Daus/Skripsi/API/Rest-API-Rinjani/node_modules/sequelize/lib/dialects/mariadb/query.js:53:25)
    at /Users/muh.firdaus/Documents/Daus/Skripsi/API/Rest-API-Rinjani/node_modules/sequelize/lib/sequelize.js:315:28
    at process.processTicksAndRejections (node:internal/process/task_queues:95:5)
    at async MySQLQueryInterface.createTable (/Users/muh.firdaus/Documents/Daus/Skripsi/API/Rest-API-Rinjani/node_modules/sequelize/lib/dialects/abstract/query-interface.js:98:12)
    at async Favorites.sync (/Users/muh.firdaus/Documents/Daus/Skripsi/API/Rest-API-Rinjani/node_modules/sequelize/lib/model.js:942:7)
    at async Sequelize.sync (/Users/muh.firdaus/Documents/Daus/Skripsi/API/Rest-API-Rinjani/node_modules/sequelize/lib/sequelize.js:377:9)
 [LOGGER] 2023-11-15 10:51:33.266 AM error : uncaughtException: (conn=2615, no: 3734, SQLState: HY000) Failed to add the foreign key constraint. Missing column 'userId' for constraint 'favorites_ibfk_1' in the referenced table 'user'
sql: CREATE TABLE IF NOT EXISTS `favorites` (`favorite_id` INTEGER NOT NULL auto_increment , `user_id` CHAR(36) BINARY, `product_id` CHAR(36) BINARY, `created_at` DATETIME NOT NULL, `updated_at` DATETIME NOT NULL, `user_user_id` CHAR(36) BINARY, `product_product_id` CHAR(36) BINARY, UNIQUE `favorites_ProductProductId_UserUserId_unique` (`user_user_id`, `product_product_id`), PRIMARY KEY (`favorite_id`), FOREIGN KEY (`user_id`) REFERENCES `user` (`userId`), FOREIGN KEY (`product_id`) REFERENCES `product` (`productId`), FOREIGN KEY (`user_user_id`) REFERENCES `user` (`user_id`) ON DELETE CASCADE ON UPDATE CASCADE, FOREIGN KEY (`product_product_id`) REFERENCES `product` (`product_id`) ON DELETE CASCADE ON UPDATE CASCADE) ENGINE=InnoDB; - parameters:[]
Error
    at Query.run (/Users/muh.firdaus/Documents/Daus/Skripsi/API/Rest-API-Rinjani/node_modules/sequelize/lib/dialects/mariadb/query.js:53:25)
    at /Users/muh.firdaus/Documents/Daus/Skripsi/API/Rest-API-Rinjani/node_modules/sequelize/lib/sequelize.js:315:28
    at process.processTicksAndRejections (node:internal/process/task_queues:95:5)
    at async MySQLQueryInterface.createTable (/Users/muh.firdaus/Documents/Daus/Skripsi/API/Rest-API-Rinjani/node_modules/sequelize/lib/dialects/abstract/query-interface.js:98:12)
    at async Favorites.sync (/Users/muh.firdaus/Documents/Daus/Skripsi/API/Rest-API-Rinjani/node_modules/sequelize/lib/model.js:942:7)
    at async Sequelize.sync (/Users/muh.firdaus/Documents/Daus/Skripsi/API/Rest-API-Rinjani/node_modules/sequelize/lib/sequelize.js:377:9)
 [LOGGER] 2023-11-15 10:51:33.268 AM error : uncaughtException: (conn=2614, no: 3734, SQLState: HY000) Failed to add the foreign key constraint. Missing column 'userId' for constraint 'favorites_ibfk_1' in the referenced table 'user'
sql: CREATE TABLE IF NOT EXISTS `favorites` (`favorite_id` INTEGER NOT NULL auto_increment , `user_id` CHAR(36) BINARY, `product_id` CHAR(36) BINARY, `created_at` DATETIME NOT NULL, `updated_at` DATETIME NOT NULL, `user_user_id` CHAR(36) BINARY, `product_product_id` CHAR(36) BINARY, UNIQUE `favorites_ProductProductId_UserUserId_unique` (`user_user_id`, `product_product_id`), PRIMARY KEY (`favorite_id`), FOREIGN KEY (`user_id`) REFERENCES `user` (`userId`), FOREIGN KEY (`product_id`) REFERENCES `product` (`productId`), FOREIGN KEY (`user_user_id`) REFERENCES `user` (`user_id`) ON DELETE CASCADE ON UPDATE CASCADE, FOREIGN KEY (`product_product_id`) REFERENCES `product` (`product_id`) ON DELETE CASCADE ON UPDATE CASCADE) ENGINE=InnoDB; - parameters:[]
Error
    at Query.run (/Users/muh.firdaus/Documents/Daus/Skripsi/API/Rest-API-Rinjani/node_modules/sequelize/lib/dialects/mariadb/query.js:53:25)
    at /Users/muh.firdaus/Documents/Daus/Skripsi/API/Rest-API-Rinjani/node_modules/sequelize/lib/sequelize.js:315:28
    at process.processTicksAndRejections (node:internal/process/task_queues:95:5)
    at async MySQLQueryInterface.createTable (/Users/muh.firdaus/Documents/Daus/Skripsi/API/Rest-API-Rinjani/node_modules/sequelize/lib/dialects/abstract/query-interface.js:98:12)
    at async Favorites.sync (/Users/muh.firdaus/Documents/Daus/Skripsi/API/Rest-API-Rinjani/node_modules/sequelize/lib/model.js:942:7)
    at async Sequelize.sync (/Users/muh.firdaus/Documents/Daus/Skripsi/API/Rest-API-Rinjani/node_modules/sequelize/lib/sequelize.js:377:9)
 [LOGGER] 2023-11-15 10:51:33.268 AM error : uncaughtException: (conn=2617, no: 3734, SQLState: HY000) Failed to add the foreign key constraint. Missing column 'userId' for constraint 'favorites_ibfk_1' in the referenced table 'user'
sql: CREATE TABLE IF NOT EXISTS `favorites` (`favorite_id` INTEGER NOT NULL auto_increment , `user_id` CHAR(36) BINARY, `product_id` CHAR(36) BINARY, `created_at` DATETIME NOT NULL, `updated_at` DATETIME NOT NULL, `user_user_id` CHAR(36) BINARY, `product_product_id` CHAR(36) BINARY, UNIQUE `favorites_ProductProductId_UserUserId_unique` (`user_user_id`, `product_product_id`), PRIMARY KEY (`favorite_id`), FOREIGN KEY (`user_id`) REFERENCES `user` (`userId`), FOREIGN KEY (`product_id`) REFERENCES `product` (`productId`), FOREIGN KEY (`user_user_id`) REFERENCES `user` (`user_id`) ON DELETE CASCADE ON UPDATE CASCADE, FOREIGN KEY (`product_product_id`) REFERENCES `product` (`product_id`) ON DELETE CASCADE ON UPDATE CASCADE) ENGINE=InnoDB; - parameters:[]
Error
    at Query.run (/Users/muh.firdaus/Documents/Daus/Skripsi/API/Rest-API-Rinjani/node_modules/sequelize/lib/dialects/mariadb/query.js:53:25)
    at /Users/muh.firdaus/Documents/Daus/Skripsi/API/Rest-API-Rinjani/node_modules/sequelize/lib/sequelize.js:315:28
    at process.processTicksAndRejections (node:internal/process/task_queues:95:5)
    at async MySQLQueryInterface.createTable (/Users/muh.firdaus/Documents/Daus/Skripsi/API/Rest-API-Rinjani/node_modules/sequelize/lib/dialects/abstract/query-interface.js:98:12)
    at async Favorites.sync (/Users/muh.firdaus/Documents/Daus/Skripsi/API/Rest-API-Rinjani/node_modules/sequelize/lib/model.js:942:7)
    at async Sequelize.sync (/Users/muh.firdaus/Documents/Daus/Skripsi/API/Rest-API-Rinjani/node_modules/sequelize/lib/sequelize.js:377:9)
 [LOGGER] 2023-11-15 10:51:33.269 AM error : uncaughtException: (conn=2616, no: 3734, SQLState: HY000) Failed to add the foreign key constraint. Missing column 'userId' for constraint 'favorites_ibfk_1' in the referenced table 'user'
sql: CREATE TABLE IF NOT EXISTS `favorites` (`favorite_id` INTEGER NOT NULL auto_increment , `user_id` CHAR(36) BINARY, `product_id` CHAR(36) BINARY, `created_at` DATETIME NOT NULL, `updated_at` DATETIME NOT NULL, `user_user_id` CHAR(36) BINARY, `product_product_id` CHAR(36) BINARY, UNIQUE `favorites_ProductProductId_UserUserId_unique` (`user_user_id`, `product_product_id`), PRIMARY KEY (`favorite_id`), FOREIGN KEY (`user_id`) REFERENCES `user` (`userId`), FOREIGN KEY (`product_id`) REFERENCES `product` (`productId`), FOREIGN KEY (`user_user_id`) REFERENCES `user` (`user_id`) ON DELETE CASCADE ON UPDATE CASCADE, FOREIGN KEY (`product_product_id`) REFERENCES `product` (`product_id`) ON DELETE CASCADE ON UPDATE CASCADE) ENGINE=InnoDB; - parameters:[]
Error
    at Query.run (/Users/muh.firdaus/Documents/Daus/Skripsi/API/Rest-API-Rinjani/node_modules/sequelize/lib/dialects/mariadb/query.js:53:25)
    at /Users/muh.firdaus/Documents/Daus/Skripsi/API/Rest-API-Rinjani/node_modules/sequelize/lib/sequelize.js:315:28
    at process.processTicksAndRejections (node:internal/process/task_queues:95:5)
    at async MySQLQueryInterface.createTable (/Users/muh.firdaus/Documents/Daus/Skripsi/API/Rest-API-Rinjani/node_modules/sequelize/lib/dialects/abstract/query-interface.js:98:12)
    at async Favorites.sync (/Users/muh.firdaus/Documents/Daus/Skripsi/API/Rest-API-Rinjani/node_modules/sequelize/lib/model.js:942:7)
    at async Sequelize.sync (/Users/muh.firdaus/Documents/Daus/Skripsi/API/Rest-API-Rinjani/node_modules/sequelize/lib/sequelize.js:377:9)
 [LOGGER] 2023-11-15 10:51:33.270 AM error : uncaughtException: (conn=2618, no: 3734, SQLState: HY000) Failed to add the foreign key constraint. Missing column 'userId' for constraint 'favorites_ibfk_1' in the referenced table 'user'
sql: CREATE TABLE IF NOT EXISTS `favorites` (`favorite_id` INTEGER NOT NULL auto_increment , `user_id` CHAR(36) BINARY, `product_id` CHAR(36) BINARY, `created_at` DATETIME NOT NULL, `updated_at` DATETIME NOT NULL, `user_user_id` CHAR(36) BINARY, `product_product_id` CHAR(36) BINARY, UNIQUE `favorites_ProductProductId_UserUserId_unique` (`user_user_id`, `product_product_id`), PRIMARY KEY (`favorite_id`), FOREIGN KEY (`user_id`) REFERENCES `user` (`userId`), FOREIGN KEY (`product_id`) REFERENCES `product` (`productId`), FOREIGN KEY (`user_user_id`) REFERENCES `user` (`user_id`) ON DELETE CASCADE ON UPDATE CASCADE, FOREIGN KEY (`product_product_id`) REFERENCES `product` (`product_id`) ON DELETE CASCADE ON UPDATE CASCADE) ENGINE=InnoDB; - parameters:[]
Error
    at Query.run (/Users/muh.firdaus/Documents/Daus/Skripsi/API/Rest-API-Rinjani/node_modules/sequelize/lib/dialects/mariadb/query.js:53:25)
    at /Users/muh.firdaus/Documents/Daus/Skripsi/API/Rest-API-Rinjani/node_modules/sequelize/lib/sequelize.js:315:28
    at process.processTicksAndRejections (node:internal/process/task_queues:95:5)
    at async MySQLQueryInterface.createTable (/Users/muh.firdaus/Documents/Daus/Skripsi/API/Rest-API-Rinjani/node_modules/sequelize/lib/dialects/abstract/query-interface.js:98:12)
    at async Favorites.sync (/Users/muh.firdaus/Documents/Daus/Skripsi/API/Rest-API-Rinjani/node_modules/sequelize/lib/model.js:942:7)
    at async Sequelize.sync (/Users/muh.firdaus/Documents/Daus/Skripsi/API/Rest-API-Rinjani/node_modules/sequelize/lib/sequelize.js:377:9)
 [LOGGER] 2023-11-15 10:51:54.391 AM error : uncaughtException: (conn=2623, no: 3734, SQLState: HY000) Failed to add the foreign key constraint. Missing column 'userId' for constraint 'favorites_ibfk_1' in the referenced table 'user'
sql: CREATE TABLE IF NOT EXISTS `favorites` (`favorite_id` INTEGER NOT NULL auto_increment , `user_id` CHAR(36) BINARY, `product_id` CHAR(36) BINARY, `created_at` DATETIME NOT NULL, `updated_at` DATETIME NOT NULL, `user_user_id` CHAR(36) BINARY, `product_product_id` CHAR(36) BINARY, UNIQUE `favorites_ProductProductId_UserUserId_unique` (`user_user_id`, `product_product_id`), PRIMARY KEY (`favorite_id`), FOREIGN KEY (`user_id`) REFERENCES `user` (`userId`), FOREIGN KEY (`product_id`) REFERENCES `product` (`productId`), FOREIGN KEY (`user_user_id`) REFERENCES `user` (`user_id`) ON DELETE CASCADE ON UPDATE CASCADE, FOREIGN KEY (`product_product_id`) REFERENCES `product` (`product_id`) ON DELETE CASCADE ON UPDATE CASCADE) ENGINE=InnoDB; - parameters:[]
Error
    at Query.run (/Users/muh.firdaus/Documents/Daus/Skripsi/API/Rest-API-Rinjani/node_modules/sequelize/lib/dialects/mariadb/query.js:53:25)
    at /Users/muh.firdaus/Documents/Daus/Skripsi/API/Rest-API-Rinjani/node_modules/sequelize/lib/sequelize.js:315:28
    at process.processTicksAndRejections (node:internal/process/task_queues:95:5)
    at async MySQLQueryInterface.createTable (/Users/muh.firdaus/Documents/Daus/Skripsi/API/Rest-API-Rinjani/node_modules/sequelize/lib/dialects/abstract/query-interface.js:98:12)
    at async Favorites.sync (/Users/muh.firdaus/Documents/Daus/Skripsi/API/Rest-API-Rinjani/node_modules/sequelize/lib/model.js:942:7)
    at async Sequelize.sync (/Users/muh.firdaus/Documents/Daus/Skripsi/API/Rest-API-Rinjani/node_modules/sequelize/lib/sequelize.js:377:9)
 [LOGGER] 2023-11-15 10:51:54.393 AM error : uncaughtException: (conn=2623, no: 3734, SQLState: HY000) Failed to add the foreign key constraint. Missing column 'userId' for constraint 'favorites_ibfk_1' in the referenced table 'user'
sql: CREATE TABLE IF NOT EXISTS `favorites` (`favorite_id` INTEGER NOT NULL auto_increment , `user_id` CHAR(36) BINARY, `product_id` CHAR(36) BINARY, `created_at` DATETIME NOT NULL, `updated_at` DATETIME NOT NULL, `user_user_id` CHAR(36) BINARY, `product_product_id` CHAR(36) BINARY, UNIQUE `favorites_ProductProductId_UserUserId_unique` (`user_user_id`, `product_product_id`), PRIMARY KEY (`favorite_id`), FOREIGN KEY (`user_id`) REFERENCES `user` (`userId`), FOREIGN KEY (`product_id`) REFERENCES `product` (`productId`), FOREIGN KEY (`user_user_id`) REFERENCES `user` (`user_id`) ON DELETE CASCADE ON UPDATE CASCADE, FOREIGN KEY (`product_product_id`) REFERENCES `product` (`product_id`) ON DELETE CASCADE ON UPDATE CASCADE) ENGINE=InnoDB; - parameters:[]
Error
    at Query.run (/Users/muh.firdaus/Documents/Daus/Skripsi/API/Rest-API-Rinjani/node_modules/sequelize/lib/dialects/mariadb/query.js:53:25)
    at /Users/muh.firdaus/Documents/Daus/Skripsi/API/Rest-API-Rinjani/node_modules/sequelize/lib/sequelize.js:315:28
    at process.processTicksAndRejections (node:internal/process/task_queues:95:5)
    at async MySQLQueryInterface.createTable (/Users/muh.firdaus/Documents/Daus/Skripsi/API/Rest-API-Rinjani/node_modules/sequelize/lib/dialects/abstract/query-interface.js:98:12)
    at async Favorites.sync (/Users/muh.firdaus/Documents/Daus/Skripsi/API/Rest-API-Rinjani/node_modules/sequelize/lib/model.js:942:7)
    at async Sequelize.sync (/Users/muh.firdaus/Documents/Daus/Skripsi/API/Rest-API-Rinjani/node_modules/sequelize/lib/sequelize.js:377:9)
 [LOGGER] 2023-11-15 10:51:54.393 AM error : uncaughtException: (conn=2620, no: 3734, SQLState: HY000) Failed to add the foreign key constraint. Missing column 'userId' for constraint 'favorites_ibfk_1' in the referenced table 'user'
sql: CREATE TABLE IF NOT EXISTS `favorites` (`favorite_id` INTEGER NOT NULL auto_increment , `user_id` CHAR(36) BINARY, `product_id` CHAR(36) BINARY, `created_at` DATETIME NOT NULL, `updated_at` DATETIME NOT NULL, `user_user_id` CHAR(36) BINARY, `product_product_id` CHAR(36) BINARY, UNIQUE `favorites_ProductProductId_UserUserId_unique` (`user_user_id`, `product_product_id`), PRIMARY KEY (`favorite_id`), FOREIGN KEY (`user_id`) REFERENCES `user` (`userId`), FOREIGN KEY (`product_id`) REFERENCES `product` (`productId`), FOREIGN KEY (`user_user_id`) REFERENCES `user` (`user_id`) ON DELETE CASCADE ON UPDATE CASCADE, FOREIGN KEY (`product_product_id`) REFERENCES `product` (`product_id`) ON DELETE CASCADE ON UPDATE CASCADE) ENGINE=InnoDB; - parameters:[]
Error
    at Query.run (/Users/muh.firdaus/Documents/Daus/Skripsi/API/Rest-API-Rinjani/node_modules/sequelize/lib/dialects/mariadb/query.js:53:25)
    at /Users/muh.firdaus/Documents/Daus/Skripsi/API/Rest-API-Rinjani/node_modules/sequelize/lib/sequelize.js:315:28
    at process.processTicksAndRejections (node:internal/process/task_queues:95:5)
    at async MySQLQueryInterface.createTable (/Users/muh.firdaus/Documents/Daus/Skripsi/API/Rest-API-Rinjani/node_modules/sequelize/lib/dialects/abstract/query-interface.js:98:12)
    at async Favorites.sync (/Users/muh.firdaus/Documents/Daus/Skripsi/API/Rest-API-Rinjani/node_modules/sequelize/lib/model.js:942:7)
    at async Sequelize.sync (/Users/muh.firdaus/Documents/Daus/Skripsi/API/Rest-API-Rinjani/node_modules/sequelize/lib/sequelize.js:377:9)
 [LOGGER] 2023-11-15 10:51:54.394 AM error : uncaughtException: (conn=2621, no: 3734, SQLState: HY000) Failed to add the foreign key constraint. Missing column 'userId' for constraint 'favorites_ibfk_1' in the referenced table 'user'
sql: CREATE TABLE IF NOT EXISTS `favorites` (`favorite_id` INTEGER NOT NULL auto_increment , `user_id` CHAR(36) BINARY, `product_id` CHAR(36) BINARY, `created_at` DATETIME NOT NULL, `updated_at` DATETIME NOT NULL, `user_user_id` CHAR(36) BINARY, `product_product_id` CHAR(36) BINARY, UNIQUE `favorites_ProductProductId_UserUserId_unique` (`user_user_id`, `product_product_id`), PRIMARY KEY (`favorite_id`), FOREIGN KEY (`user_id`) REFERENCES `user` (`userId`), FOREIGN KEY (`product_id`) REFERENCES `product` (`productId`), FOREIGN KEY (`user_user_id`) REFERENCES `user` (`user_id`) ON DELETE CASCADE ON UPDATE CASCADE, FOREIGN KEY (`product_product_id`) REFERENCES `product` (`product_id`) ON DELETE CASCADE ON UPDATE CASCADE) ENGINE=InnoDB; - parameters:[]
Error
    at Query.run (/Users/muh.firdaus/Documents/Daus/Skripsi/API/Rest-API-Rinjani/node_modules/sequelize/lib/dialects/mariadb/query.js:53:25)
    at /Users/muh.firdaus/Documents/Daus/Skripsi/API/Rest-API-Rinjani/node_modules/sequelize/lib/sequelize.js:315:28
    at process.processTicksAndRejections (node:internal/process/task_queues:95:5)
    at async MySQLQueryInterface.createTable (/Users/muh.firdaus/Documents/Daus/Skripsi/API/Rest-API-Rinjani/node_modules/sequelize/lib/dialects/abstract/query-interface.js:98:12)
    at async Favorites.sync (/Users/muh.firdaus/Documents/Daus/Skripsi/API/Rest-API-Rinjani/node_modules/sequelize/lib/model.js:942:7)
    at async Sequelize.sync (/Users/muh.firdaus/Documents/Daus/Skripsi/API/Rest-API-Rinjani/node_modules/sequelize/lib/sequelize.js:377:9)
 [LOGGER] 2023-11-15 10:51:54.394 AM error : uncaughtException: (conn=2622, no: 3734, SQLState: HY000) Failed to add the foreign key constraint. Missing column 'userId' for constraint 'favorites_ibfk_1' in the referenced table 'user'
sql: CREATE TABLE IF NOT EXISTS `favorites` (`favorite_id` INTEGER NOT NULL auto_increment , `user_id` CHAR(36) BINARY, `product_id` CHAR(36) BINARY, `created_at` DATETIME NOT NULL, `updated_at` DATETIME NOT NULL, `user_user_id` CHAR(36) BINARY, `product_product_id` CHAR(36) BINARY, UNIQUE `favorites_ProductProductId_UserUserId_unique` (`user_user_id`, `product_product_id`), PRIMARY KEY (`favorite_id`), FOREIGN KEY (`user_id`) REFERENCES `user` (`userId`), FOREIGN KEY (`product_id`) REFERENCES `product` (`productId`), FOREIGN KEY (`user_user_id`) REFERENCES `user` (`user_id`) ON DELETE CASCADE ON UPDATE CASCADE, FOREIGN KEY (`product_product_id`) REFERENCES `product` (`product_id`) ON DELETE CASCADE ON UPDATE CASCADE) ENGINE=InnoDB; - parameters:[]
Error
    at Query.run (/Users/muh.firdaus/Documents/Daus/Skripsi/API/Rest-API-Rinjani/node_modules/sequelize/lib/dialects/mariadb/query.js:53:25)
    at /Users/muh.firdaus/Documents/Daus/Skripsi/API/Rest-API-Rinjani/node_modules/sequelize/lib/sequelize.js:315:28
    at process.processTicksAndRejections (node:internal/process/task_queues:95:5)
    at async MySQLQueryInterface.createTable (/Users/muh.firdaus/Documents/Daus/Skripsi/API/Rest-API-Rinjani/node_modules/sequelize/lib/dialects/abstract/query-interface.js:98:12)
    at async Favorites.sync (/Users/muh.firdaus/Documents/Daus/Skripsi/API/Rest-API-Rinjani/node_modules/sequelize/lib/model.js:942:7)
    at async Sequelize.sync (/Users/muh.firdaus/Documents/Daus/Skripsi/API/Rest-API-Rinjani/node_modules/sequelize/lib/sequelize.js:377:9)
 [LOGGER] 2023-11-15 10:51:54.395 AM error : uncaughtException: (conn=2624, no: 3734, SQLState: HY000) Failed to add the foreign key constraint. Missing column 'userId' for constraint 'favorites_ibfk_1' in the referenced table 'user'
sql: CREATE TABLE IF NOT EXISTS `favorites` (`favorite_id` INTEGER NOT NULL auto_increment , `user_id` CHAR(36) BINARY, `product_id` CHAR(36) BINARY, `created_at` DATETIME NOT NULL, `updated_at` DATETIME NOT NULL, `user_user_id` CHAR(36) BINARY, `product_product_id` CHAR(36) BINARY, UNIQUE `favorites_ProductProductId_UserUserId_unique` (`user_user_id`, `product_product_id`), PRIMARY KEY (`favorite_id`), FOREIGN KEY (`user_id`) REFERENCES `user` (`userId`), FOREIGN KEY (`product_id`) REFERENCES `product` (`productId`), FOREIGN KEY (`user_user_id`) REFERENCES `user` (`user_id`) ON DELETE CASCADE ON UPDATE CASCADE, FOREIGN KEY (`product_product_id`) REFERENCES `product` (`product_id`) ON DELETE CASCADE ON UPDATE CASCADE) ENGINE=InnoDB; - parameters:[]
Error
    at Query.run (/Users/muh.firdaus/Documents/Daus/Skripsi/API/Rest-API-Rinjani/node_modules/sequelize/lib/dialects/mariadb/query.js:53:25)
    at /Users/muh.firdaus/Documents/Daus/Skripsi/API/Rest-API-Rinjani/node_modules/sequelize/lib/sequelize.js:315:28
    at process.processTicksAndRejections (node:internal/process/task_queues:95:5)
    at async MySQLQueryInterface.createTable (/Users/muh.firdaus/Documents/Daus/Skripsi/API/Rest-API-Rinjani/node_modules/sequelize/lib/dialects/abstract/query-interface.js:98:12)
    at async Favorites.sync (/Users/muh.firdaus/Documents/Daus/Skripsi/API/Rest-API-Rinjani/node_modules/sequelize/lib/model.js:942:7)
    at async Sequelize.sync (/Users/muh.firdaus/Documents/Daus/Skripsi/API/Rest-API-Rinjani/node_modules/sequelize/lib/sequelize.js:377:9)
 [LOGGER] 2023-11-15 10:51:54.397 AM error : uncaughtException: (conn=2623, no: 3734, SQLState: HY000) Failed to add the foreign key constraint. Missing column 'userId' for constraint 'favorites_ibfk_1' in the referenced table 'user'
sql: CREATE TABLE IF NOT EXISTS `favorites` (`favorite_id` INTEGER NOT NULL auto_increment , `user_id` CHAR(36) BINARY, `product_id` CHAR(36) BINARY, `created_at` DATETIME NOT NULL, `updated_at` DATETIME NOT NULL, `user_user_id` CHAR(36) BINARY, `product_product_id` CHAR(36) BINARY, UNIQUE `favorites_ProductProductId_UserUserId_unique` (`user_user_id`, `product_product_id`), PRIMARY KEY (`favorite_id`), FOREIGN KEY (`user_id`) REFERENCES `user` (`userId`), FOREIGN KEY (`product_id`) REFERENCES `product` (`productId`), FOREIGN KEY (`user_user_id`) REFERENCES `user` (`user_id`) ON DELETE CASCADE ON UPDATE CASCADE, FOREIGN KEY (`product_product_id`) REFERENCES `product` (`product_id`) ON DELETE CASCADE ON UPDATE CASCADE) ENGINE=InnoDB; - parameters:[]
Error
    at Query.run (/Users/muh.firdaus/Documents/Daus/Skripsi/API/Rest-API-Rinjani/node_modules/sequelize/lib/dialects/mariadb/query.js:53:25)
    at /Users/muh.firdaus/Documents/Daus/Skripsi/API/Rest-API-Rinjani/node_modules/sequelize/lib/sequelize.js:315:28
    at process.processTicksAndRejections (node:internal/process/task_queues:95:5)
    at async MySQLQueryInterface.createTable (/Users/muh.firdaus/Documents/Daus/Skripsi/API/Rest-API-Rinjani/node_modules/sequelize/lib/dialects/abstract/query-interface.js:98:12)
    at async Favorites.sync (/Users/muh.firdaus/Documents/Daus/Skripsi/API/Rest-API-Rinjani/node_modules/sequelize/lib/model.js:942:7)
    at async Sequelize.sync (/Users/muh.firdaus/Documents/Daus/Skripsi/API/Rest-API-Rinjani/node_modules/sequelize/lib/sequelize.js:377:9)
 [LOGGER] 2023-11-15 10:51:54.397 AM error : uncaughtException: (conn=2620, no: 3734, SQLState: HY000) Failed to add the foreign key constraint. Missing column 'userId' for constraint 'favorites_ibfk_1' in the referenced table 'user'
sql: CREATE TABLE IF NOT EXISTS `favorites` (`favorite_id` INTEGER NOT NULL auto_increment , `user_id` CHAR(36) BINARY, `product_id` CHAR(36) BINARY, `created_at` DATETIME NOT NULL, `updated_at` DATETIME NOT NULL, `user_user_id` CHAR(36) BINARY, `product_product_id` CHAR(36) BINARY, UNIQUE `favorites_ProductProductId_UserUserId_unique` (`user_user_id`, `product_product_id`), PRIMARY KEY (`favorite_id`), FOREIGN KEY (`user_id`) REFERENCES `user` (`userId`), FOREIGN KEY (`product_id`) REFERENCES `product` (`productId`), FOREIGN KEY (`user_user_id`) REFERENCES `user` (`user_id`) ON DELETE CASCADE ON UPDATE CASCADE, FOREIGN KEY (`product_product_id`) REFERENCES `product` (`product_id`) ON DELETE CASCADE ON UPDATE CASCADE) ENGINE=InnoDB; - parameters:[]
Error
    at Query.run (/Users/muh.firdaus/Documents/Daus/Skripsi/API/Rest-API-Rinjani/node_modules/sequelize/lib/dialects/mariadb/query.js:53:25)
    at /Users/muh.firdaus/Documents/Daus/Skripsi/API/Rest-API-Rinjani/node_modules/sequelize/lib/sequelize.js:315:28
    at process.processTicksAndRejections (node:internal/process/task_queues:95:5)
    at async MySQLQueryInterface.createTable (/Users/muh.firdaus/Documents/Daus/Skripsi/API/Rest-API-Rinjani/node_modules/sequelize/lib/dialects/abstract/query-interface.js:98:12)
    at async Favorites.sync (/Users/muh.firdaus/Documents/Daus/Skripsi/API/Rest-API-Rinjani/node_modules/sequelize/lib/model.js:942:7)
    at async Sequelize.sync (/Users/muh.firdaus/Documents/Daus/Skripsi/API/Rest-API-Rinjani/node_modules/sequelize/lib/sequelize.js:377:9)
 [LOGGER] 2023-11-15 10:51:54.398 AM error : uncaughtException: (conn=2621, no: 3734, SQLState: HY000) Failed to add the foreign key constraint. Missing column 'userId' for constraint 'favorites_ibfk_1' in the referenced table 'user'
sql: CREATE TABLE IF NOT EXISTS `favorites` (`favorite_id` INTEGER NOT NULL auto_increment , `user_id` CHAR(36) BINARY, `product_id` CHAR(36) BINARY, `created_at` DATETIME NOT NULL, `updated_at` DATETIME NOT NULL, `user_user_id` CHAR(36) BINARY, `product_product_id` CHAR(36) BINARY, UNIQUE `favorites_ProductProductId_UserUserId_unique` (`user_user_id`, `product_product_id`), PRIMARY KEY (`favorite_id`), FOREIGN KEY (`user_id`) REFERENCES `user` (`userId`), FOREIGN KEY (`product_id`) REFERENCES `product` (`productId`), FOREIGN KEY (`user_user_id`) REFERENCES `user` (`user_id`) ON DELETE CASCADE ON UPDATE CASCADE, FOREIGN KEY (`product_product_id`) REFERENCES `product` (`product_id`) ON DELETE CASCADE ON UPDATE CASCADE) ENGINE=InnoDB; - parameters:[]
Error
    at Query.run (/Users/muh.firdaus/Documents/Daus/Skripsi/API/Rest-API-Rinjani/node_modules/sequelize/lib/dialects/mariadb/query.js:53:25)
    at /Users/muh.firdaus/Documents/Daus/Skripsi/API/Rest-API-Rinjani/node_modules/sequelize/lib/sequelize.js:315:28
    at process.processTicksAndRejections (node:internal/process/task_queues:95:5)
    at async MySQLQueryInterface.createTable (/Users/muh.firdaus/Documents/Daus/Skripsi/API/Rest-API-Rinjani/node_modules/sequelize/lib/dialects/abstract/query-interface.js:98:12)
    at async Favorites.sync (/Users/muh.firdaus/Documents/Daus/Skripsi/API/Rest-API-Rinjani/node_modules/sequelize/lib/model.js:942:7)
    at async Sequelize.sync (/Users/muh.firdaus/Documents/Daus/Skripsi/API/Rest-API-Rinjani/node_modules/sequelize/lib/sequelize.js:377:9)
 [LOGGER] 2023-11-15 10:51:54.399 AM error : uncaughtException: (conn=2622, no: 3734, SQLState: HY000) Failed to add the foreign key constraint. Missing column 'userId' for constraint 'favorites_ibfk_1' in the referenced table 'user'
sql: CREATE TABLE IF NOT EXISTS `favorites` (`favorite_id` INTEGER NOT NULL auto_increment , `user_id` CHAR(36) BINARY, `product_id` CHAR(36) BINARY, `created_at` DATETIME NOT NULL, `updated_at` DATETIME NOT NULL, `user_user_id` CHAR(36) BINARY, `product_product_id` CHAR(36) BINARY, UNIQUE `favorites_ProductProductId_UserUserId_unique` (`user_user_id`, `product_product_id`), PRIMARY KEY (`favorite_id`), FOREIGN KEY (`user_id`) REFERENCES `user` (`userId`), FOREIGN KEY (`product_id`) REFERENCES `product` (`productId`), FOREIGN KEY (`user_user_id`) REFERENCES `user` (`user_id`) ON DELETE CASCADE ON UPDATE CASCADE, FOREIGN KEY (`product_product_id`) REFERENCES `product` (`product_id`) ON DELETE CASCADE ON UPDATE CASCADE) ENGINE=InnoDB; - parameters:[]
Error
    at Query.run (/Users/muh.firdaus/Documents/Daus/Skripsi/API/Rest-API-Rinjani/node_modules/sequelize/lib/dialects/mariadb/query.js:53:25)
    at /Users/muh.firdaus/Documents/Daus/Skripsi/API/Rest-API-Rinjani/node_modules/sequelize/lib/sequelize.js:315:28
    at process.processTicksAndRejections (node:internal/process/task_queues:95:5)
    at async MySQLQueryInterface.createTable (/Users/muh.firdaus/Documents/Daus/Skripsi/API/Rest-API-Rinjani/node_modules/sequelize/lib/dialects/abstract/query-interface.js:98:12)
    at async Favorites.sync (/Users/muh.firdaus/Documents/Daus/Skripsi/API/Rest-API-Rinjani/node_modules/sequelize/lib/model.js:942:7)
    at async Sequelize.sync (/Users/muh.firdaus/Documents/Daus/Skripsi/API/Rest-API-Rinjani/node_modules/sequelize/lib/sequelize.js:377:9)
 [LOGGER] 2023-11-15 10:53:11.992 AM error : uncaughtException: (conn=2628, no: 3734, SQLState: HY000) Failed to add the foreign key constraint. Missing column 'userId' for constraint 'favorites_ibfk_1' in the referenced table 'user'
sql: CREATE TABLE IF NOT EXISTS `favorites` (`favorite_id` INTEGER NOT NULL auto_increment , `user_id` CHAR(36) BINARY, `product_id` CHAR(36) BINARY, `created_at` DATETIME NOT NULL, `updated_at` DATETIME NOT NULL, `user_user_id` CHAR(36) BINARY, `product_product_id` CHAR(36) BINARY, UNIQUE `favorites_ProductProductId_UserUserId_unique` (`user_user_id`, `product_product_id`), PRIMARY KEY (`favorite_id`), FOREIGN KEY (`user_id`) REFERENCES `user` (`userId`), FOREIGN KEY (`product_id`) REFERENCES `product` (`productId`), FOREIGN KEY (`user_user_id`) REFERENCES `user` (`user_id`) ON DELETE CASCADE ON UPDATE CASCADE, FOREIGN KEY (`product_product_id`) REFERENCES `product` (`product_id`) ON DELETE CASCADE ON UPDATE CASCADE) ENGINE=InnoDB; - parameters:[]
Error
    at Query.run (/Users/muh.firdaus/Documents/Daus/Skripsi/API/Rest-API-Rinjani/node_modules/sequelize/lib/dialects/mariadb/query.js:53:25)
    at /Users/muh.firdaus/Documents/Daus/Skripsi/API/Rest-API-Rinjani/node_modules/sequelize/lib/sequelize.js:315:28
    at process.processTicksAndRejections (node:internal/process/task_queues:95:5)
    at async MySQLQueryInterface.createTable (/Users/muh.firdaus/Documents/Daus/Skripsi/API/Rest-API-Rinjani/node_modules/sequelize/lib/dialects/abstract/query-interface.js:98:12)
    at async Favorites.sync (/Users/muh.firdaus/Documents/Daus/Skripsi/API/Rest-API-Rinjani/node_modules/sequelize/lib/model.js:942:7)
    at async Sequelize.sync (/Users/muh.firdaus/Documents/Daus/Skripsi/API/Rest-API-Rinjani/node_modules/sequelize/lib/sequelize.js:377:9)
 [LOGGER] 2023-11-15 10:53:11.994 AM error : uncaughtException: (conn=2628, no: 3734, SQLState: HY000) Failed to add the foreign key constraint. Missing column 'userId' for constraint 'favorites_ibfk_1' in the referenced table 'user'
sql: CREATE TABLE IF NOT EXISTS `favorites` (`favorite_id` INTEGER NOT NULL auto_increment , `user_id` CHAR(36) BINARY, `product_id` CHAR(36) BINARY, `created_at` DATETIME NOT NULL, `updated_at` DATETIME NOT NULL, `user_user_id` CHAR(36) BINARY, `product_product_id` CHAR(36) BINARY, UNIQUE `favorites_ProductProductId_UserUserId_unique` (`user_user_id`, `product_product_id`), PRIMARY KEY (`favorite_id`), FOREIGN KEY (`user_id`) REFERENCES `user` (`userId`), FOREIGN KEY (`product_id`) REFERENCES `product` (`productId`), FOREIGN KEY (`user_user_id`) REFERENCES `user` (`user_id`) ON DELETE CASCADE ON UPDATE CASCADE, FOREIGN KEY (`product_product_id`) REFERENCES `product` (`product_id`) ON DELETE CASCADE ON UPDATE CASCADE) ENGINE=InnoDB; - parameters:[]
Error
    at Query.run (/Users/muh.firdaus/Documents/Daus/Skripsi/API/Rest-API-Rinjani/node_modules/sequelize/lib/dialects/mariadb/query.js:53:25)
    at /Users/muh.firdaus/Documents/Daus/Skripsi/API/Rest-API-Rinjani/node_modules/sequelize/lib/sequelize.js:315:28
    at process.processTicksAndRejections (node:internal/process/task_queues:95:5)
    at async MySQLQueryInterface.createTable (/Users/muh.firdaus/Documents/Daus/Skripsi/API/Rest-API-Rinjani/node_modules/sequelize/lib/dialects/abstract/query-interface.js:98:12)
    at async Favorites.sync (/Users/muh.firdaus/Documents/Daus/Skripsi/API/Rest-API-Rinjani/node_modules/sequelize/lib/model.js:942:7)
    at async Sequelize.sync (/Users/muh.firdaus/Documents/Daus/Skripsi/API/Rest-API-Rinjani/node_modules/sequelize/lib/sequelize.js:377:9)
 [LOGGER] 2023-11-15 10:53:11.994 AM error : uncaughtException: (conn=2626, no: 3734, SQLState: HY000) Failed to add the foreign key constraint. Missing column 'userId' for constraint 'favorites_ibfk_1' in the referenced table 'user'
sql: CREATE TABLE IF NOT EXISTS `favorites` (`favorite_id` INTEGER NOT NULL auto_increment , `user_id` CHAR(36) BINARY, `product_id` CHAR(36) BINARY, `created_at` DATETIME NOT NULL, `updated_at` DATETIME NOT NULL, `user_user_id` CHAR(36) BINARY, `product_product_id` CHAR(36) BINARY, UNIQUE `favorites_ProductProductId_UserUserId_unique` (`user_user_id`, `product_product_id`), PRIMARY KEY (`favorite_id`), FOREIGN KEY (`user_id`) REFERENCES `user` (`userId`), FOREIGN KEY (`product_id`) REFERENCES `product` (`productId`), FOREIGN KEY (`user_user_id`) REFERENCES `user` (`user_id`) ON DELETE CASCADE ON UPDATE CASCADE, FOREIGN KEY (`product_product_id`) REFERENCES `product` (`product_id`) ON DELETE CASCADE ON UPDATE CASCADE) ENGINE=InnoDB; - parameters:[]
Error
    at Query.run (/Users/muh.firdaus/Documents/Daus/Skripsi/API/Rest-API-Rinjani/node_modules/sequelize/lib/dialects/mariadb/query.js:53:25)
    at /Users/muh.firdaus/Documents/Daus/Skripsi/API/Rest-API-Rinjani/node_modules/sequelize/lib/sequelize.js:315:28
    at process.processTicksAndRejections (node:internal/process/task_queues:95:5)
    at async MySQLQueryInterface.createTable (/Users/muh.firdaus/Documents/Daus/Skripsi/API/Rest-API-Rinjani/node_modules/sequelize/lib/dialects/abstract/query-interface.js:98:12)
    at async Favorites.sync (/Users/muh.firdaus/Documents/Daus/Skripsi/API/Rest-API-Rinjani/node_modules/sequelize/lib/model.js:942:7)
    at async Sequelize.sync (/Users/muh.firdaus/Documents/Daus/Skripsi/API/Rest-API-Rinjani/node_modules/sequelize/lib/sequelize.js:377:9)
 [LOGGER] 2023-11-15 10:53:11.995 AM error : uncaughtException: (conn=2630, no: 3734, SQLState: HY000) Failed to add the foreign key constraint. Missing column 'userId' for constraint 'favorites_ibfk_1' in the referenced table 'user'
sql: CREATE TABLE IF NOT EXISTS `favorites` (`favorite_id` INTEGER NOT NULL auto_increment , `user_id` CHAR(36) BINARY, `product_id` CHAR(36) BINARY, `created_at` DATETIME NOT NULL, `updated_at` DATETIME NOT NULL, `user_user_id` CHAR(36) BINARY, `product_product_id` CHAR(36) BINARY, UNIQUE `favorites_ProductProductId_UserUserId_unique` (`user_user_id`, `product_product_id`), PRIMARY KEY (`favorite_id`), FOREIGN KEY (`user_id`) REFERENCES `user` (`userId`), FOREIGN KEY (`product_id`) REFERENCES `product` (`productId`), FOREIGN KEY (`user_user_id`) REFERENCES `user` (`user_id`) ON DELETE CASCADE ON UPDATE CASCADE, FOREIGN KEY (`product_product_id`) REFERENCES `product` (`product_id`) ON DELETE CASCADE ON UPDATE CASCADE) ENGINE=InnoDB; - parameters:[]
Error
    at Query.run (/Users/muh.firdaus/Documents/Daus/Skripsi/API/Rest-API-Rinjani/node_modules/sequelize/lib/dialects/mariadb/query.js:53:25)
    at /Users/muh.firdaus/Documents/Daus/Skripsi/API/Rest-API-Rinjani/node_modules/sequelize/lib/sequelize.js:315:28
    at process.processTicksAndRejections (node:internal/process/task_queues:95:5)
    at async MySQLQueryInterface.createTable (/Users/muh.firdaus/Documents/Daus/Skripsi/API/Rest-API-Rinjani/node_modules/sequelize/lib/dialects/abstract/query-interface.js:98:12)
    at async Favorites.sync (/Users/muh.firdaus/Documents/Daus/Skripsi/API/Rest-API-Rinjani/node_modules/sequelize/lib/model.js:942:7)
    at async Sequelize.sync (/Users/muh.firdaus/Documents/Daus/Skripsi/API/Rest-API-Rinjani/node_modules/sequelize/lib/sequelize.js:377:9)
 [LOGGER] 2023-11-15 10:53:11.995 AM error : uncaughtException: (conn=2629, no: 3734, SQLState: HY000) Failed to add the foreign key constraint. Missing column 'userId' for constraint 'favorites_ibfk_1' in the referenced table 'user'
sql: CREATE TABLE IF NOT EXISTS `favorites` (`favorite_id` INTEGER NOT NULL auto_increment , `user_id` CHAR(36) BINARY, `product_id` CHAR(36) BINARY, `created_at` DATETIME NOT NULL, `updated_at` DATETIME NOT NULL, `user_user_id` CHAR(36) BINARY, `product_product_id` CHAR(36) BINARY, UNIQUE `favorites_ProductProductId_UserUserId_unique` (`user_user_id`, `product_product_id`), PRIMARY KEY (`favorite_id`), FOREIGN KEY (`user_id`) REFERENCES `user` (`userId`), FOREIGN KEY (`product_id`) REFERENCES `product` (`productId`), FOREIGN KEY (`user_user_id`) REFERENCES `user` (`user_id`) ON DELETE CASCADE ON UPDATE CASCADE, FOREIGN KEY (`product_product_id`) REFERENCES `product` (`product_id`) ON DELETE CASCADE ON UPDATE CASCADE) ENGINE=InnoDB; - parameters:[]
Error
    at Query.run (/Users/muh.firdaus/Documents/Daus/Skripsi/API/Rest-API-Rinjani/node_modules/sequelize/lib/dialects/mariadb/query.js:53:25)
    at /Users/muh.firdaus/Documents/Daus/Skripsi/API/Rest-API-Rinjani/node_modules/sequelize/lib/sequelize.js:315:28
    at process.processTicksAndRejections (node:internal/process/task_queues:95:5)
    at async MySQLQueryInterface.createTable (/Users/muh.firdaus/Documents/Daus/Skripsi/API/Rest-API-Rinjani/node_modules/sequelize/lib/dialects/abstract/query-interface.js:98:12)
    at async Favorites.sync (/Users/muh.firdaus/Documents/Daus/Skripsi/API/Rest-API-Rinjani/node_modules/sequelize/lib/model.js:942:7)
    at async Sequelize.sync (/Users/muh.firdaus/Documents/Daus/Skripsi/API/Rest-API-Rinjani/node_modules/sequelize/lib/sequelize.js:377:9)
 [LOGGER] 2023-11-15 10:53:11.996 AM error : uncaughtException: (conn=2628, no: 3734, SQLState: HY000) Failed to add the foreign key constraint. Missing column 'userId' for constraint 'favorites_ibfk_1' in the referenced table 'user'
sql: CREATE TABLE IF NOT EXISTS `favorites` (`favorite_id` INTEGER NOT NULL auto_increment , `user_id` CHAR(36) BINARY, `product_id` CHAR(36) BINARY, `created_at` DATETIME NOT NULL, `updated_at` DATETIME NOT NULL, `user_user_id` CHAR(36) BINARY, `product_product_id` CHAR(36) BINARY, UNIQUE `favorites_ProductProductId_UserUserId_unique` (`user_user_id`, `product_product_id`), PRIMARY KEY (`favorite_id`), FOREIGN KEY (`user_id`) REFERENCES `user` (`userId`), FOREIGN KEY (`product_id`) REFERENCES `product` (`productId`), FOREIGN KEY (`user_user_id`) REFERENCES `user` (`user_id`) ON DELETE CASCADE ON UPDATE CASCADE, FOREIGN KEY (`product_product_id`) REFERENCES `product` (`product_id`) ON DELETE CASCADE ON UPDATE CASCADE) ENGINE=InnoDB; - parameters:[]
Error
    at Query.run (/Users/muh.firdaus/Documents/Daus/Skripsi/API/Rest-API-Rinjani/node_modules/sequelize/lib/dialects/mariadb/query.js:53:25)
    at /Users/muh.firdaus/Documents/Daus/Skripsi/API/Rest-API-Rinjani/node_modules/sequelize/lib/sequelize.js:315:28
    at process.processTicksAndRejections (node:internal/process/task_queues:95:5)
    at async MySQLQueryInterface.createTable (/Users/muh.firdaus/Documents/Daus/Skripsi/API/Rest-API-Rinjani/node_modules/sequelize/lib/dialects/abstract/query-interface.js:98:12)
    at async Favorites.sync (/Users/muh.firdaus/Documents/Daus/Skripsi/API/Rest-API-Rinjani/node_modules/sequelize/lib/model.js:942:7)
    at async Sequelize.sync (/Users/muh.firdaus/Documents/Daus/Skripsi/API/Rest-API-Rinjani/node_modules/sequelize/lib/sequelize.js:377:9)
 [LOGGER] 2023-11-15 10:53:11.997 AM error : uncaughtException: (conn=2627, no: 3734, SQLState: HY000) Failed to add the foreign key constraint. Missing column 'userId' for constraint 'favorites_ibfk_1' in the referenced table 'user'
sql: CREATE TABLE IF NOT EXISTS `favorites` (`favorite_id` INTEGER NOT NULL auto_increment , `user_id` CHAR(36) BINARY, `product_id` CHAR(36) BINARY, `created_at` DATETIME NOT NULL, `updated_at` DATETIME NOT NULL, `user_user_id` CHAR(36) BINARY, `product_product_id` CHAR(36) BINARY, UNIQUE `favorites_ProductProductId_UserUserId_unique` (`user_user_id`, `product_product_id`), PRIMARY KEY (`favorite_id`), FOREIGN KEY (`user_id`) REFERENCES `user` (`userId`), FOREIGN KEY (`product_id`) REFERENCES `product` (`productId`), FOREIGN KEY (`user_user_id`) REFERENCES `user` (`user_id`) ON DELETE CASCADE ON UPDATE CASCADE, FOREIGN KEY (`product_product_id`) REFERENCES `product` (`product_id`) ON DELETE CASCADE ON UPDATE CASCADE) ENGINE=InnoDB; - parameters:[]
Error
    at Query.run (/Users/muh.firdaus/Documents/Daus/Skripsi/API/Rest-API-Rinjani/node_modules/sequelize/lib/dialects/mariadb/query.js:53:25)
    at /Users/muh.firdaus/Documents/Daus/Skripsi/API/Rest-API-Rinjani/node_modules/sequelize/lib/sequelize.js:315:28
    at process.processTicksAndRejections (node:internal/process/task_queues:95:5)
    at async MySQLQueryInterface.createTable (/Users/muh.firdaus/Documents/Daus/Skripsi/API/Rest-API-Rinjani/node_modules/sequelize/lib/dialects/abstract/query-interface.js:98:12)
    at async Favorites.sync (/Users/muh.firdaus/Documents/Daus/Skripsi/API/Rest-API-Rinjani/node_modules/sequelize/lib/model.js:942:7)
    at async Sequelize.sync (/Users/muh.firdaus/Documents/Daus/Skripsi/API/Rest-API-Rinjani/node_modules/sequelize/lib/sequelize.js:377:9)
 [LOGGER] 2023-11-15 10:53:11.998 AM error : uncaughtException: (conn=2626, no: 3734, SQLState: HY000) Failed to add the foreign key constraint. Missing column 'userId' for constraint 'favorites_ibfk_1' in the referenced table 'user'
sql: CREATE TABLE IF NOT EXISTS `favorites` (`favorite_id` INTEGER NOT NULL auto_increment , `user_id` CHAR(36) BINARY, `product_id` CHAR(36) BINARY, `created_at` DATETIME NOT NULL, `updated_at` DATETIME NOT NULL, `user_user_id` CHAR(36) BINARY, `product_product_id` CHAR(36) BINARY, UNIQUE `favorites_ProductProductId_UserUserId_unique` (`user_user_id`, `product_product_id`), PRIMARY KEY (`favorite_id`), FOREIGN KEY (`user_id`) REFERENCES `user` (`userId`), FOREIGN KEY (`product_id`) REFERENCES `product` (`productId`), FOREIGN KEY (`user_user_id`) REFERENCES `user` (`user_id`) ON DELETE CASCADE ON UPDATE CASCADE, FOREIGN KEY (`product_product_id`) REFERENCES `product` (`product_id`) ON DELETE CASCADE ON UPDATE CASCADE) ENGINE=InnoDB; - parameters:[]
Error
    at Query.run (/Users/muh.firdaus/Documents/Daus/Skripsi/API/Rest-API-Rinjani/node_modules/sequelize/lib/dialects/mariadb/query.js:53:25)
    at /Users/muh.firdaus/Documents/Daus/Skripsi/API/Rest-API-Rinjani/node_modules/sequelize/lib/sequelize.js:315:28
    at process.processTicksAndRejections (node:internal/process/task_queues:95:5)
    at async MySQLQueryInterface.createTable (/Users/muh.firdaus/Documents/Daus/Skripsi/API/Rest-API-Rinjani/node_modules/sequelize/lib/dialects/abstract/query-interface.js:98:12)
    at async Favorites.sync (/Users/muh.firdaus/Documents/Daus/Skripsi/API/Rest-API-Rinjani/node_modules/sequelize/lib/model.js:942:7)
    at async Sequelize.sync (/Users/muh.firdaus/Documents/Daus/Skripsi/API/Rest-API-Rinjani/node_modules/sequelize/lib/sequelize.js:377:9)
 [LOGGER] 2023-11-15 10:53:11.999 AM error : uncaughtException: (conn=2630, no: 3734, SQLState: HY000) Failed to add the foreign key constraint. Missing column 'userId' for constraint 'favorites_ibfk_1' in the referenced table 'user'
sql: CREATE TABLE IF NOT EXISTS `favorites` (`favorite_id` INTEGER NOT NULL auto_increment , `user_id` CHAR(36) BINARY, `product_id` CHAR(36) BINARY, `created_at` DATETIME NOT NULL, `updated_at` DATETIME NOT NULL, `user_user_id` CHAR(36) BINARY, `product_product_id` CHAR(36) BINARY, UNIQUE `favorites_ProductProductId_UserUserId_unique` (`user_user_id`, `product_product_id`), PRIMARY KEY (`favorite_id`), FOREIGN KEY (`user_id`) REFERENCES `user` (`userId`), FOREIGN KEY (`product_id`) REFERENCES `product` (`productId`), FOREIGN KEY (`user_user_id`) REFERENCES `user` (`user_id`) ON DELETE CASCADE ON UPDATE CASCADE, FOREIGN KEY (`product_product_id`) REFERENCES `product` (`product_id`) ON DELETE CASCADE ON UPDATE CASCADE) ENGINE=InnoDB; - parameters:[]
Error
    at Query.run (/Users/muh.firdaus/Documents/Daus/Skripsi/API/Rest-API-Rinjani/node_modules/sequelize/lib/dialects/mariadb/query.js:53:25)
    at /Users/muh.firdaus/Documents/Daus/Skripsi/API/Rest-API-Rinjani/node_modules/sequelize/lib/sequelize.js:315:28
    at process.processTicksAndRejections (node:internal/process/task_queues:95:5)
    at async MySQLQueryInterface.createTable (/Users/muh.firdaus/Documents/Daus/Skripsi/API/Rest-API-Rinjani/node_modules/sequelize/lib/dialects/abstract/query-interface.js:98:12)
    at async Favorites.sync (/Users/muh.firdaus/Documents/Daus/Skripsi/API/Rest-API-Rinjani/node_modules/sequelize/lib/model.js:942:7)
    at async Sequelize.sync (/Users/muh.firdaus/Documents/Daus/Skripsi/API/Rest-API-Rinjani/node_modules/sequelize/lib/sequelize.js:377:9)
 [LOGGER] 2023-11-15 10:53:12.000 AM error : uncaughtException: (conn=2629, no: 3734, SQLState: HY000) Failed to add the foreign key constraint. Missing column 'userId' for constraint 'favorites_ibfk_1' in the referenced table 'user'
sql: CREATE TABLE IF NOT EXISTS `favorites` (`favorite_id` INTEGER NOT NULL auto_increment , `user_id` CHAR(36) BINARY, `product_id` CHAR(36) BINARY, `created_at` DATETIME NOT NULL, `updated_at` DATETIME NOT NULL, `user_user_id` CHAR(36) BINARY, `product_product_id` CHAR(36) BINARY, UNIQUE `favorites_ProductProductId_UserUserId_unique` (`user_user_id`, `product_product_id`), PRIMARY KEY (`favorite_id`), FOREIGN KEY (`user_id`) REFERENCES `user` (`userId`), FOREIGN KEY (`product_id`) REFERENCES `product` (`productId`), FOREIGN KEY (`user_user_id`) REFERENCES `user` (`user_id`) ON DELETE CASCADE ON UPDATE CASCADE, FOREIGN KEY (`product_product_id`) REFERENCES `product` (`product_id`) ON DELETE CASCADE ON UPDATE CASCADE) ENGINE=InnoDB; - parameters:[]
Error
    at Query.run (/Users/muh.firdaus/Documents/Daus/Skripsi/API/Rest-API-Rinjani/node_modules/sequelize/lib/dialects/mariadb/query.js:53:25)
    at /Users/muh.firdaus/Documents/Daus/Skripsi/API/Rest-API-Rinjani/node_modules/sequelize/lib/sequelize.js:315:28
    at process.processTicksAndRejections (node:internal/process/task_queues:95:5)
    at async MySQLQueryInterface.createTable (/Users/muh.firdaus/Documents/Daus/Skripsi/API/Rest-API-Rinjani/node_modules/sequelize/lib/dialects/abstract/query-interface.js:98:12)
    at async Favorites.sync (/Users/muh.firdaus/Documents/Daus/Skripsi/API/Rest-API-Rinjani/node_modules/sequelize/lib/model.js:942:7)
    at async Sequelize.sync (/Users/muh.firdaus/Documents/Daus/Skripsi/API/Rest-API-Rinjani/node_modules/sequelize/lib/sequelize.js:377:9)
 [LOGGER] 2023-11-15 10:54:05.204 AM error : uncaughtException: (conn=2633, no: 3734, SQLState: HY000) Failed to add the foreign key constraint. Missing column 'userd' for constraint 'favorites_ibfk_1' in the referenced table 'user'
sql: CREATE TABLE IF NOT EXISTS `favorites` (`favorite_id` INTEGER NOT NULL auto_increment , `user_id` CHAR(36) BINARY, `product_id` CHAR(36) BINARY, `created_at` DATETIME NOT NULL, `updated_at` DATETIME NOT NULL, `user_user_id` CHAR(36) BINARY, `product_product_id` CHAR(36) BINARY, UNIQUE `favorites_ProductProductId_UserUserId_unique` (`user_user_id`, `product_product_id`), PRIMARY KEY (`favorite_id`), FOREIGN KEY (`user_id`) REFERENCES `user` (`userd`), FOREIGN KEY (`product_id`) REFERENCES `product` (`productId`), FOREIGN KEY (`user_user_id`) REFERENCES `user` (`user_id`) ON DELETE CASCADE ON UPDATE CASCADE, FOREIGN KEY (`product_product_id`) REFERENCES `product` (`product_id`) ON DELETE CASCADE ON UPDATE CASCADE) ENGINE=InnoDB; - parameters:[]
Error
    at Query.run (/Users/muh.firdaus/Documents/Daus/Skripsi/API/Rest-API-Rinjani/node_modules/sequelize/lib/dialects/mariadb/query.js:53:25)
    at /Users/muh.firdaus/Documents/Daus/Skripsi/API/Rest-API-Rinjani/node_modules/sequelize/lib/sequelize.js:315:28
    at process.processTicksAndRejections (node:internal/process/task_queues:95:5)
    at async MySQLQueryInterface.createTable (/Users/muh.firdaus/Documents/Daus/Skripsi/API/Rest-API-Rinjani/node_modules/sequelize/lib/dialects/abstract/query-interface.js:98:12)
    at async Favorites.sync (/Users/muh.firdaus/Documents/Daus/Skripsi/API/Rest-API-Rinjani/node_modules/sequelize/lib/model.js:942:7)
    at async Sequelize.sync (/Users/muh.firdaus/Documents/Daus/Skripsi/API/Rest-API-Rinjani/node_modules/sequelize/lib/sequelize.js:377:9)
 [LOGGER] 2023-11-15 10:54:05.206 AM error : uncaughtException: (conn=2633, no: 3734, SQLState: HY000) Failed to add the foreign key constraint. Missing column 'userd' for constraint 'favorites_ibfk_1' in the referenced table 'user'
sql: CREATE TABLE IF NOT EXISTS `favorites` (`favorite_id` INTEGER NOT NULL auto_increment , `user_id` CHAR(36) BINARY, `product_id` CHAR(36) BINARY, `created_at` DATETIME NOT NULL, `updated_at` DATETIME NOT NULL, `user_user_id` CHAR(36) BINARY, `product_product_id` CHAR(36) BINARY, UNIQUE `favorites_ProductProductId_UserUserId_unique` (`user_user_id`, `product_product_id`), PRIMARY KEY (`favorite_id`), FOREIGN KEY (`user_id`) REFERENCES `user` (`userd`), FOREIGN KEY (`product_id`) REFERENCES `product` (`productId`), FOREIGN KEY (`user_user_id`) REFERENCES `user` (`user_id`) ON DELETE CASCADE ON UPDATE CASCADE, FOREIGN KEY (`product_product_id`) REFERENCES `product` (`product_id`) ON DELETE CASCADE ON UPDATE CASCADE) ENGINE=InnoDB; - parameters:[]
Error
    at Query.run (/Users/muh.firdaus/Documents/Daus/Skripsi/API/Rest-API-Rinjani/node_modules/sequelize/lib/dialects/mariadb/query.js:53:25)
    at /Users/muh.firdaus/Documents/Daus/Skripsi/API/Rest-API-Rinjani/node_modules/sequelize/lib/sequelize.js:315:28
    at process.processTicksAndRejections (node:internal/process/task_queues:95:5)
    at async MySQLQueryInterface.createTable (/Users/muh.firdaus/Documents/Daus/Skripsi/API/Rest-API-Rinjani/node_modules/sequelize/lib/dialects/abstract/query-interface.js:98:12)
    at async Favorites.sync (/Users/muh.firdaus/Documents/Daus/Skripsi/API/Rest-API-Rinjani/node_modules/sequelize/lib/model.js:942:7)
    at async Sequelize.sync (/Users/muh.firdaus/Documents/Daus/Skripsi/API/Rest-API-Rinjani/node_modules/sequelize/lib/sequelize.js:377:9)
 [LOGGER] 2023-11-15 10:54:05.207 AM error : uncaughtException: (conn=2634, no: 3734, SQLState: HY000) Failed to add the foreign key constraint. Missing column 'userd' for constraint 'favorites_ibfk_1' in the referenced table 'user'
sql: CREATE TABLE IF NOT EXISTS `favorites` (`favorite_id` INTEGER NOT NULL auto_increment , `user_id` CHAR(36) BINARY, `product_id` CHAR(36) BINARY, `created_at` DATETIME NOT NULL, `updated_at` DATETIME NOT NULL, `user_user_id` CHAR(36) BINARY, `product_product_id` CHAR(36) BINARY, UNIQUE `favorites_ProductProductId_UserUserId_unique` (`user_user_id`, `product_product_id`), PRIMARY KEY (`favorite_id`), FOREIGN KEY (`user_id`) REFERENCES `user` (`userd`), FOREIGN KEY (`product_id`) REFERENCES `product` (`productId`), FOREIGN KEY (`user_user_id`) REFERENCES `user` (`user_id`) ON DELETE CASCADE ON UPDATE CASCADE, FOREIGN KEY (`product_product_id`) REFERENCES `product` (`product_id`) ON DELETE CASCADE ON UPDATE CASCADE) ENGINE=InnoDB; - parameters:[]
Error
    at Query.run (/Users/muh.firdaus/Documents/Daus/Skripsi/API/Rest-API-Rinjani/node_modules/sequelize/lib/dialects/mariadb/query.js:53:25)
    at /Users/muh.firdaus/Documents/Daus/Skripsi/API/Rest-API-Rinjani/node_modules/sequelize/lib/sequelize.js:315:28
    at process.processTicksAndRejections (node:internal/process/task_queues:95:5)
    at async MySQLQueryInterface.createTable (/Users/muh.firdaus/Documents/Daus/Skripsi/API/Rest-API-Rinjani/node_modules/sequelize/lib/dialects/abstract/query-interface.js:98:12)
    at async Favorites.sync (/Users/muh.firdaus/Documents/Daus/Skripsi/API/Rest-API-Rinjani/node_modules/sequelize/lib/model.js:942:7)
    at async Sequelize.sync (/Users/muh.firdaus/Documents/Daus/Skripsi/API/Rest-API-Rinjani/node_modules/sequelize/lib/sequelize.js:377:9)
 [LOGGER] 2023-11-15 10:54:05.207 AM error : uncaughtException: (conn=2632, no: 3734, SQLState: HY000) Failed to add the foreign key constraint. Missing column 'userd' for constraint 'favorites_ibfk_1' in the referenced table 'user'
sql: CREATE TABLE IF NOT EXISTS `favorites` (`favorite_id` INTEGER NOT NULL auto_increment , `user_id` CHAR(36) BINARY, `product_id` CHAR(36) BINARY, `created_at` DATETIME NOT NULL, `updated_at` DATETIME NOT NULL, `user_user_id` CHAR(36) BINARY, `product_product_id` CHAR(36) BINARY, UNIQUE `favorites_ProductProductId_UserUserId_unique` (`user_user_id`, `product_product_id`), PRIMARY KEY (`favorite_id`), FOREIGN KEY (`user_id`) REFERENCES `user` (`userd`), FOREIGN KEY (`product_id`) REFERENCES `product` (`productId`), FOREIGN KEY (`user_user_id`) REFERENCES `user` (`user_id`) ON DELETE CASCADE ON UPDATE CASCADE, FOREIGN KEY (`product_product_id`) REFERENCES `product` (`product_id`) ON DELETE CASCADE ON UPDATE CASCADE) ENGINE=InnoDB; - parameters:[]
Error
    at Query.run (/Users/muh.firdaus/Documents/Daus/Skripsi/API/Rest-API-Rinjani/node_modules/sequelize/lib/dialects/mariadb/query.js:53:25)
    at /Users/muh.firdaus/Documents/Daus/Skripsi/API/Rest-API-Rinjani/node_modules/sequelize/lib/sequelize.js:315:28
    at process.processTicksAndRejections (node:internal/process/task_queues:95:5)
    at async MySQLQueryInterface.createTable (/Users/muh.firdaus/Documents/Daus/Skripsi/API/Rest-API-Rinjani/node_modules/sequelize/lib/dialects/abstract/query-interface.js:98:12)
    at async Favorites.sync (/Users/muh.firdaus/Documents/Daus/Skripsi/API/Rest-API-Rinjani/node_modules/sequelize/lib/model.js:942:7)
    at async Sequelize.sync (/Users/muh.firdaus/Documents/Daus/Skripsi/API/Rest-API-Rinjani/node_modules/sequelize/lib/sequelize.js:377:9)
 [LOGGER] 2023-11-15 10:54:05.208 AM error : uncaughtException: (conn=2636, no: 3734, SQLState: HY000) Failed to add the foreign key constraint. Missing column 'userd' for constraint 'favorites_ibfk_1' in the referenced table 'user'
sql: CREATE TABLE IF NOT EXISTS `favorites` (`favorite_id` INTEGER NOT NULL auto_increment , `user_id` CHAR(36) BINARY, `product_id` CHAR(36) BINARY, `created_at` DATETIME NOT NULL, `updated_at` DATETIME NOT NULL, `user_user_id` CHAR(36) BINARY, `product_product_id` CHAR(36) BINARY, UNIQUE `favorites_ProductProductId_UserUserId_unique` (`user_user_id`, `product_product_id`), PRIMARY KEY (`favorite_id`), FOREIGN KEY (`user_id`) REFERENCES `user` (`userd`), FOREIGN KEY (`product_id`) REFERENCES `product` (`productId`), FOREIGN KEY (`user_user_id`) REFERENCES `user` (`user_id`) ON DELETE CASCADE ON UPDATE CASCADE, FOREIGN KEY (`product_product_id`) REFERENCES `product` (`product_id`) ON DELETE CASCADE ON UPDATE CASCADE) ENGINE=InnoDB; - parameters:[]
Error
    at Query.run (/Users/muh.firdaus/Documents/Daus/Skripsi/API/Rest-API-Rinjani/node_modules/sequelize/lib/dialects/mariadb/query.js:53:25)
    at /Users/muh.firdaus/Documents/Daus/Skripsi/API/Rest-API-Rinjani/node_modules/sequelize/lib/sequelize.js:315:28
    at process.processTicksAndRejections (node:internal/process/task_queues:95:5)
    at async MySQLQueryInterface.createTable (/Users/muh.firdaus/Documents/Daus/Skripsi/API/Rest-API-Rinjani/node_modules/sequelize/lib/dialects/abstract/query-interface.js:98:12)
    at async Favorites.sync (/Users/muh.firdaus/Documents/Daus/Skripsi/API/Rest-API-Rinjani/node_modules/sequelize/lib/model.js:942:7)
    at async Sequelize.sync (/Users/muh.firdaus/Documents/Daus/Skripsi/API/Rest-API-Rinjani/node_modules/sequelize/lib/sequelize.js:377:9)
 [LOGGER] 2023-11-15 10:54:05.208 AM error : uncaughtException: (conn=2635, no: 3734, SQLState: HY000) Failed to add the foreign key constraint. Missing column 'userd' for constraint 'favorites_ibfk_1' in the referenced table 'user'
sql: CREATE TABLE IF NOT EXISTS `favorites` (`favorite_id` INTEGER NOT NULL auto_increment , `user_id` CHAR(36) BINARY, `product_id` CHAR(36) BINARY, `created_at` DATETIME NOT NULL, `updated_at` DATETIME NOT NULL, `user_user_id` CHAR(36) BINARY, `product_product_id` CHAR(36) BINARY, UNIQUE `favorites_ProductProductId_UserUserId_unique` (`user_user_id`, `product_product_id`), PRIMARY KEY (`favorite_id`), FOREIGN KEY (`user_id`) REFERENCES `user` (`userd`), FOREIGN KEY (`product_id`) REFERENCES `product` (`productId`), FOREIGN KEY (`user_user_id`) REFERENCES `user` (`user_id`) ON DELETE CASCADE ON UPDATE CASCADE, FOREIGN KEY (`product_product_id`) REFERENCES `product` (`product_id`) ON DELETE CASCADE ON UPDATE CASCADE) ENGINE=InnoDB; - parameters:[]
Error
    at Query.run (/Users/muh.firdaus/Documents/Daus/Skripsi/API/Rest-API-Rinjani/node_modules/sequelize/lib/dialects/mariadb/query.js:53:25)
    at /Users/muh.firdaus/Documents/Daus/Skripsi/API/Rest-API-Rinjani/node_modules/sequelize/lib/sequelize.js:315:28
    at process.processTicksAndRejections (node:internal/process/task_queues:95:5)
    at async MySQLQueryInterface.createTable (/Users/muh.firdaus/Documents/Daus/Skripsi/API/Rest-API-Rinjani/node_modules/sequelize/lib/dialects/abstract/query-interface.js:98:12)
    at async Favorites.sync (/Users/muh.firdaus/Documents/Daus/Skripsi/API/Rest-API-Rinjani/node_modules/sequelize/lib/model.js:942:7)
    at async Sequelize.sync (/Users/muh.firdaus/Documents/Daus/Skripsi/API/Rest-API-Rinjani/node_modules/sequelize/lib/sequelize.js:377:9)
 [LOGGER] 2023-11-15 10:54:05.210 AM error : uncaughtException: (conn=2633, no: 3734, SQLState: HY000) Failed to add the foreign key constraint. Missing column 'userd' for constraint 'favorites_ibfk_1' in the referenced table 'user'
sql: CREATE TABLE IF NOT EXISTS `favorites` (`favorite_id` INTEGER NOT NULL auto_increment , `user_id` CHAR(36) BINARY, `product_id` CHAR(36) BINARY, `created_at` DATETIME NOT NULL, `updated_at` DATETIME NOT NULL, `user_user_id` CHAR(36) BINARY, `product_product_id` CHAR(36) BINARY, UNIQUE `favorites_ProductProductId_UserUserId_unique` (`user_user_id`, `product_product_id`), PRIMARY KEY (`favorite_id`), FOREIGN KEY (`user_id`) REFERENCES `user` (`userd`), FOREIGN KEY (`product_id`) REFERENCES `product` (`productId`), FOREIGN KEY (`user_user_id`) REFERENCES `user` (`user_id`) ON DELETE CASCADE ON UPDATE CASCADE, FOREIGN KEY (`product_product_id`) REFERENCES `product` (`product_id`) ON DELETE CASCADE ON UPDATE CASCADE) ENGINE=InnoDB; - parameters:[]
Error
    at Query.run (/Users/muh.firdaus/Documents/Daus/Skripsi/API/Rest-API-Rinjani/node_modules/sequelize/lib/dialects/mariadb/query.js:53:25)
    at /Users/muh.firdaus/Documents/Daus/Skripsi/API/Rest-API-Rinjani/node_modules/sequelize/lib/sequelize.js:315:28
    at process.processTicksAndRejections (node:internal/process/task_queues:95:5)
    at async MySQLQueryInterface.createTable (/Users/muh.firdaus/Documents/Daus/Skripsi/API/Rest-API-Rinjani/node_modules/sequelize/lib/dialects/abstract/query-interface.js:98:12)
    at async Favorites.sync (/Users/muh.firdaus/Documents/Daus/Skripsi/API/Rest-API-Rinjani/node_modules/sequelize/lib/model.js:942:7)
    at async Sequelize.sync (/Users/muh.firdaus/Documents/Daus/Skripsi/API/Rest-API-Rinjani/node_modules/sequelize/lib/sequelize.js:377:9)
 [LOGGER] 2023-11-15 10:54:05.211 AM error : uncaughtException: (conn=2634, no: 3734, SQLState: HY000) Failed to add the foreign key constraint. Missing column 'userd' for constraint 'favorites_ibfk_1' in the referenced table 'user'
sql: CREATE TABLE IF NOT EXISTS `favorites` (`favorite_id` INTEGER NOT NULL auto_increment , `user_id` CHAR(36) BINARY, `product_id` CHAR(36) BINARY, `created_at` DATETIME NOT NULL, `updated_at` DATETIME NOT NULL, `user_user_id` CHAR(36) BINARY, `product_product_id` CHAR(36) BINARY, UNIQUE `favorites_ProductProductId_UserUserId_unique` (`user_user_id`, `product_product_id`), PRIMARY KEY (`favorite_id`), FOREIGN KEY (`user_id`) REFERENCES `user` (`userd`), FOREIGN KEY (`product_id`) REFERENCES `product` (`productId`), FOREIGN KEY (`user_user_id`) REFERENCES `user` (`user_id`) ON DELETE CASCADE ON UPDATE CASCADE, FOREIGN KEY (`product_product_id`) REFERENCES `product` (`product_id`) ON DELETE CASCADE ON UPDATE CASCADE) ENGINE=InnoDB; - parameters:[]
Error
    at Query.run (/Users/muh.firdaus/Documents/Daus/Skripsi/API/Rest-API-Rinjani/node_modules/sequelize/lib/dialects/mariadb/query.js:53:25)
    at /Users/muh.firdaus/Documents/Daus/Skripsi/API/Rest-API-Rinjani/node_modules/sequelize/lib/sequelize.js:315:28
    at process.processTicksAndRejections (node:internal/process/task_queues:95:5)
    at async MySQLQueryInterface.createTable (/Users/muh.firdaus/Documents/Daus/Skripsi/API/Rest-API-Rinjani/node_modules/sequelize/lib/dialects/abstract/query-interface.js:98:12)
    at async Favorites.sync (/Users/muh.firdaus/Documents/Daus/Skripsi/API/Rest-API-Rinjani/node_modules/sequelize/lib/model.js:942:7)
    at async Sequelize.sync (/Users/muh.firdaus/Documents/Daus/Skripsi/API/Rest-API-Rinjani/node_modules/sequelize/lib/sequelize.js:377:9)
 [LOGGER] 2023-11-15 10:54:05.213 AM error : uncaughtException: (conn=2632, no: 3734, SQLState: HY000) Failed to add the foreign key constraint. Missing column 'userd' for constraint 'favorites_ibfk_1' in the referenced table 'user'
sql: CREATE TABLE IF NOT EXISTS `favorites` (`favorite_id` INTEGER NOT NULL auto_increment , `user_id` CHAR(36) BINARY, `product_id` CHAR(36) BINARY, `created_at` DATETIME NOT NULL, `updated_at` DATETIME NOT NULL, `user_user_id` CHAR(36) BINARY, `product_product_id` CHAR(36) BINARY, UNIQUE `favorites_ProductProductId_UserUserId_unique` (`user_user_id`, `product_product_id`), PRIMARY KEY (`favorite_id`), FOREIGN KEY (`user_id`) REFERENCES `user` (`userd`), FOREIGN KEY (`product_id`) REFERENCES `product` (`productId`), FOREIGN KEY (`user_user_id`) REFERENCES `user` (`user_id`) ON DELETE CASCADE ON UPDATE CASCADE, FOREIGN KEY (`product_product_id`) REFERENCES `product` (`product_id`) ON DELETE CASCADE ON UPDATE CASCADE) ENGINE=InnoDB; - parameters:[]
Error
    at Query.run (/Users/muh.firdaus/Documents/Daus/Skripsi/API/Rest-API-Rinjani/node_modules/sequelize/lib/dialects/mariadb/query.js:53:25)
    at /Users/muh.firdaus/Documents/Daus/Skripsi/API/Rest-API-Rinjani/node_modules/sequelize/lib/sequelize.js:315:28
    at process.processTicksAndRejections (node:internal/process/task_queues:95:5)
    at async MySQLQueryInterface.createTable (/Users/muh.firdaus/Documents/Daus/Skripsi/API/Rest-API-Rinjani/node_modules/sequelize/lib/dialects/abstract/query-interface.js:98:12)
    at async Favorites.sync (/Users/muh.firdaus/Documents/Daus/Skripsi/API/Rest-API-Rinjani/node_modules/sequelize/lib/model.js:942:7)
    at async Sequelize.sync (/Users/muh.firdaus/Documents/Daus/Skripsi/API/Rest-API-Rinjani/node_modules/sequelize/lib/sequelize.js:377:9)
 [LOGGER] 2023-11-15 10:54:05.213 AM error : uncaughtException: (conn=2636, no: 3734, SQLState: HY000) Failed to add the foreign key constraint. Missing column 'userd' for constraint 'favorites_ibfk_1' in the referenced table 'user'
sql: CREATE TABLE IF NOT EXISTS `favorites` (`favorite_id` INTEGER NOT NULL auto_increment , `user_id` CHAR(36) BINARY, `product_id` CHAR(36) BINARY, `created_at` DATETIME NOT NULL, `updated_at` DATETIME NOT NULL, `user_user_id` CHAR(36) BINARY, `product_product_id` CHAR(36) BINARY, UNIQUE `favorites_ProductProductId_UserUserId_unique` (`user_user_id`, `product_product_id`), PRIMARY KEY (`favorite_id`), FOREIGN KEY (`user_id`) REFERENCES `user` (`userd`), FOREIGN KEY (`product_id`) REFERENCES `product` (`productId`), FOREIGN KEY (`user_user_id`) REFERENCES `user` (`user_id`) ON DELETE CASCADE ON UPDATE CASCADE, FOREIGN KEY (`product_product_id`) REFERENCES `product` (`product_id`) ON DELETE CASCADE ON UPDATE CASCADE) ENGINE=InnoDB; - parameters:[]
Error
    at Query.run (/Users/muh.firdaus/Documents/Daus/Skripsi/API/Rest-API-Rinjani/node_modules/sequelize/lib/dialects/mariadb/query.js:53:25)
    at /Users/muh.firdaus/Documents/Daus/Skripsi/API/Rest-API-Rinjani/node_modules/sequelize/lib/sequelize.js:315:28
    at process.processTicksAndRejections (node:internal/process/task_queues:95:5)
    at async MySQLQueryInterface.createTable (/Users/muh.firdaus/Documents/Daus/Skripsi/API/Rest-API-Rinjani/node_modules/sequelize/lib/dialects/abstract/query-interface.js:98:12)
    at async Favorites.sync (/Users/muh.firdaus/Documents/Daus/Skripsi/API/Rest-API-Rinjani/node_modules/sequelize/lib/model.js:942:7)
    at async Sequelize.sync (/Users/muh.firdaus/Documents/Daus/Skripsi/API/Rest-API-Rinjani/node_modules/sequelize/lib/sequelize.js:377:9)
 [LOGGER] 2023-11-15 10:54:07.160 AM error : uncaughtException: (conn=2639, no: 3734, SQLState: HY000) Failed to add the foreign key constraint. Missing column 'productId' for constraint 'favorites_ibfk_2' in the referenced table 'product'
sql: CREATE TABLE IF NOT EXISTS `favorites` (`favorite_id` INTEGER NOT NULL auto_increment , `user_id` CHAR(36) BINARY, `product_id` CHAR(36) BINARY, `created_at` DATETIME NOT NULL, `updated_at` DATETIME NOT NULL, `user_user_id` CHAR(36) BINARY, `product_product_id` CHAR(36) BINARY, UNIQUE `favorites_ProductProductId_UserUserId_unique` (`user_user_id`, `product_product_id`), PRIMARY KEY (`favorite_id`), FOREIGN KEY (`user_id`) REFERENCES `user` (`user_id`), FOREIGN KEY (`product_id`) REFERENCES `product` (`productId`), FOREIGN KEY (`user_user_id`) REFERENCES `user` (`user_id`) ON DELETE CASCADE ON UPDATE CASCADE, FOREIGN KEY (`product_product_id`) REFERENCES `product` (`product_id`) ON DELETE CASCADE ON UPDATE CASCADE) ENGINE=InnoDB; - parameters:[]
Error
    at Query.run (/Users/muh.firdaus/Documents/Daus/Skripsi/API/Rest-API-Rinjani/node_modules/sequelize/lib/dialects/mariadb/query.js:53:25)
    at /Users/muh.firdaus/Documents/Daus/Skripsi/API/Rest-API-Rinjani/node_modules/sequelize/lib/sequelize.js:315:28
    at process.processTicksAndRejections (node:internal/process/task_queues:95:5)
    at async MySQLQueryInterface.createTable (/Users/muh.firdaus/Documents/Daus/Skripsi/API/Rest-API-Rinjani/node_modules/sequelize/lib/dialects/abstract/query-interface.js:98:12)
    at async Favorites.sync (/Users/muh.firdaus/Documents/Daus/Skripsi/API/Rest-API-Rinjani/node_modules/sequelize/lib/model.js:942:7)
    at async Sequelize.sync (/Users/muh.firdaus/Documents/Daus/Skripsi/API/Rest-API-Rinjani/node_modules/sequelize/lib/sequelize.js:377:9)
 [LOGGER] 2023-11-15 10:54:07.161 AM error : uncaughtException: (conn=2639, no: 3734, SQLState: HY000) Failed to add the foreign key constraint. Missing column 'productId' for constraint 'favorites_ibfk_2' in the referenced table 'product'
sql: CREATE TABLE IF NOT EXISTS `favorites` (`favorite_id` INTEGER NOT NULL auto_increment , `user_id` CHAR(36) BINARY, `product_id` CHAR(36) BINARY, `created_at` DATETIME NOT NULL, `updated_at` DATETIME NOT NULL, `user_user_id` CHAR(36) BINARY, `product_product_id` CHAR(36) BINARY, UNIQUE `favorites_ProductProductId_UserUserId_unique` (`user_user_id`, `product_product_id`), PRIMARY KEY (`favorite_id`), FOREIGN KEY (`user_id`) REFERENCES `user` (`user_id`), FOREIGN KEY (`product_id`) REFERENCES `product` (`productId`), FOREIGN KEY (`user_user_id`) REFERENCES `user` (`user_id`) ON DELETE CASCADE ON UPDATE CASCADE, FOREIGN KEY (`product_product_id`) REFERENCES `product` (`product_id`) ON DELETE CASCADE ON UPDATE CASCADE) ENGINE=InnoDB; - parameters:[]
Error
    at Query.run (/Users/muh.firdaus/Documents/Daus/Skripsi/API/Rest-API-Rinjani/node_modules/sequelize/lib/dialects/mariadb/query.js:53:25)
    at /Users/muh.firdaus/Documents/Daus/Skripsi/API/Rest-API-Rinjani/node_modules/sequelize/lib/sequelize.js:315:28
    at process.processTicksAndRejections (node:internal/process/task_queues:95:5)
    at async MySQLQueryInterface.createTable (/Users/muh.firdaus/Documents/Daus/Skripsi/API/Rest-API-Rinjani/node_modules/sequelize/lib/dialects/abstract/query-interface.js:98:12)
    at async Favorites.sync (/Users/muh.firdaus/Documents/Daus/Skripsi/API/Rest-API-Rinjani/node_modules/sequelize/lib/model.js:942:7)
    at async Sequelize.sync (/Users/muh.firdaus/Documents/Daus/Skripsi/API/Rest-API-Rinjani/node_modules/sequelize/lib/sequelize.js:377:9)
 [LOGGER] 2023-11-15 10:54:07.162 AM error : uncaughtException: (conn=2642, no: 3734, SQLState: HY000) Failed to add the foreign key constraint. Missing column 'productId' for constraint 'favorites_ibfk_2' in the referenced table 'product'
sql: CREATE TABLE IF NOT EXISTS `favorites` (`favorite_id` INTEGER NOT NULL auto_increment , `user_id` CHAR(36) BINARY, `product_id` CHAR(36) BINARY, `created_at` DATETIME NOT NULL, `updated_at` DATETIME NOT NULL, `user_user_id` CHAR(36) BINARY, `product_product_id` CHAR(36) BINARY, UNIQUE `favorites_ProductProductId_UserUserId_unique` (`user_user_id`, `product_product_id`), PRIMARY KEY (`favorite_id`), FOREIGN KEY (`user_id`) REFERENCES `user` (`user_id`), FOREIGN KEY (`product_id`) REFERENCES `product` (`productId`), FOREIGN KEY (`user_user_id`) REFERENCES `user` (`user_id`) ON DELETE CASCADE ON UPDATE CASCADE, FOREIGN KEY (`product_product_id`) REFERENCES `product` (`product_id`) ON DELETE CASCADE ON UPDATE CASCADE) ENGINE=InnoDB; - parameters:[]
Error
    at Query.run (/Users/muh.firdaus/Documents/Daus/Skripsi/API/Rest-API-Rinjani/node_modules/sequelize/lib/dialects/mariadb/query.js:53:25)
    at /Users/muh.firdaus/Documents/Daus/Skripsi/API/Rest-API-Rinjani/node_modules/sequelize/lib/sequelize.js:315:28
    at process.processTicksAndRejections (node:internal/process/task_queues:95:5)
    at async MySQLQueryInterface.createTable (/Users/muh.firdaus/Documents/Daus/Skripsi/API/Rest-API-Rinjani/node_modules/sequelize/lib/dialects/abstract/query-interface.js:98:12)
    at async Favorites.sync (/Users/muh.firdaus/Documents/Daus/Skripsi/API/Rest-API-Rinjani/node_modules/sequelize/lib/model.js:942:7)
    at async Sequelize.sync (/Users/muh.firdaus/Documents/Daus/Skripsi/API/Rest-API-Rinjani/node_modules/sequelize/lib/sequelize.js:377:9)
 [LOGGER] 2023-11-15 10:54:07.163 AM error : uncaughtException: (conn=2640, no: 3734, SQLState: HY000) Failed to add the foreign key constraint. Missing column 'productId' for constraint 'favorites_ibfk_2' in the referenced table 'product'
sql: CREATE TABLE IF NOT EXISTS `favorites` (`favorite_id` INTEGER NOT NULL auto_increment , `user_id` CHAR(36) BINARY, `product_id` CHAR(36) BINARY, `created_at` DATETIME NOT NULL, `updated_at` DATETIME NOT NULL, `user_user_id` CHAR(36) BINARY, `product_product_id` CHAR(36) BINARY, UNIQUE `favorites_ProductProductId_UserUserId_unique` (`user_user_id`, `product_product_id`), PRIMARY KEY (`favorite_id`), FOREIGN KEY (`user_id`) REFERENCES `user` (`user_id`), FOREIGN KEY (`product_id`) REFERENCES `product` (`productId`), FOREIGN KEY (`user_user_id`) REFERENCES `user` (`user_id`) ON DELETE CASCADE ON UPDATE CASCADE, FOREIGN KEY (`product_product_id`) REFERENCES `product` (`product_id`) ON DELETE CASCADE ON UPDATE CASCADE) ENGINE=InnoDB; - parameters:[]
Error
    at Query.run (/Users/muh.firdaus/Documents/Daus/Skripsi/API/Rest-API-Rinjani/node_modules/sequelize/lib/dialects/mariadb/query.js:53:25)
    at /Users/muh.firdaus/Documents/Daus/Skripsi/API/Rest-API-Rinjani/node_modules/sequelize/lib/sequelize.js:315:28
    at process.processTicksAndRejections (node:internal/process/task_queues:95:5)
    at async MySQLQueryInterface.createTable (/Users/muh.firdaus/Documents/Daus/Skripsi/API/Rest-API-Rinjani/node_modules/sequelize/lib/dialects/abstract/query-interface.js:98:12)
    at async Favorites.sync (/Users/muh.firdaus/Documents/Daus/Skripsi/API/Rest-API-Rinjani/node_modules/sequelize/lib/model.js:942:7)
    at async Sequelize.sync (/Users/muh.firdaus/Documents/Daus/Skripsi/API/Rest-API-Rinjani/node_modules/sequelize/lib/sequelize.js:377:9)
 [LOGGER] 2023-11-15 10:54:07.163 AM error : uncaughtException: (conn=2641, no: 3734, SQLState: HY000) Failed to add the foreign key constraint. Missing column 'productId' for constraint 'favorites_ibfk_2' in the referenced table 'product'
sql: CREATE TABLE IF NOT EXISTS `favorites` (`favorite_id` INTEGER NOT NULL auto_increment , `user_id` CHAR(36) BINARY, `product_id` CHAR(36) BINARY, `created_at` DATETIME NOT NULL, `updated_at` DATETIME NOT NULL, `user_user_id` CHAR(36) BINARY, `product_product_id` CHAR(36) BINARY, UNIQUE `favorites_ProductProductId_UserUserId_unique` (`user_user_id`, `product_product_id`), PRIMARY KEY (`favorite_id`), FOREIGN KEY (`user_id`) REFERENCES `user` (`user_id`), FOREIGN KEY (`product_id`) REFERENCES `product` (`productId`), FOREIGN KEY (`user_user_id`) REFERENCES `user` (`user_id`) ON DELETE CASCADE ON UPDATE CASCADE, FOREIGN KEY (`product_product_id`) REFERENCES `product` (`product_id`) ON DELETE CASCADE ON UPDATE CASCADE) ENGINE=InnoDB; - parameters:[]
Error
    at Query.run (/Users/muh.firdaus/Documents/Daus/Skripsi/API/Rest-API-Rinjani/node_modules/sequelize/lib/dialects/mariadb/query.js:53:25)
    at /Users/muh.firdaus/Documents/Daus/Skripsi/API/Rest-API-Rinjani/node_modules/sequelize/lib/sequelize.js:315:28
    at process.processTicksAndRejections (node:internal/process/task_queues:95:5)
    at async MySQLQueryInterface.createTable (/Users/muh.firdaus/Documents/Daus/Skripsi/API/Rest-API-Rinjani/node_modules/sequelize/lib/dialects/abstract/query-interface.js:98:12)
    at async Favorites.sync (/Users/muh.firdaus/Documents/Daus/Skripsi/API/Rest-API-Rinjani/node_modules/sequelize/lib/model.js:942:7)
    at async Sequelize.sync (/Users/muh.firdaus/Documents/Daus/Skripsi/API/Rest-API-Rinjani/node_modules/sequelize/lib/sequelize.js:377:9)
 [LOGGER] 2023-11-15 10:54:07.164 AM error : uncaughtException: (conn=2638, no: 3734, SQLState: HY000) Failed to add the foreign key constraint. Missing column 'productId' for constraint 'favorites_ibfk_2' in the referenced table 'product'
sql: CREATE TABLE IF NOT EXISTS `favorites` (`favorite_id` INTEGER NOT NULL auto_increment , `user_id` CHAR(36) BINARY, `product_id` CHAR(36) BINARY, `created_at` DATETIME NOT NULL, `updated_at` DATETIME NOT NULL, `user_user_id` CHAR(36) BINARY, `product_product_id` CHAR(36) BINARY, UNIQUE `favorites_ProductProductId_UserUserId_unique` (`user_user_id`, `product_product_id`), PRIMARY KEY (`favorite_id`), FOREIGN KEY (`user_id`) REFERENCES `user` (`user_id`), FOREIGN KEY (`product_id`) REFERENCES `product` (`productId`), FOREIGN KEY (`user_user_id`) REFERENCES `user` (`user_id`) ON DELETE CASCADE ON UPDATE CASCADE, FOREIGN KEY (`product_product_id`) REFERENCES `product` (`product_id`) ON DELETE CASCADE ON UPDATE CASCADE) ENGINE=InnoDB; - parameters:[]
Error
    at Query.run (/Users/muh.firdaus/Documents/Daus/Skripsi/API/Rest-API-Rinjani/node_modules/sequelize/lib/dialects/mariadb/query.js:53:25)
    at /Users/muh.firdaus/Documents/Daus/Skripsi/API/Rest-API-Rinjani/node_modules/sequelize/lib/sequelize.js:315:28
    at process.processTicksAndRejections (node:internal/process/task_queues:95:5)
    at async MySQLQueryInterface.createTable (/Users/muh.firdaus/Documents/Daus/Skripsi/API/Rest-API-Rinjani/node_modules/sequelize/lib/dialects/abstract/query-interface.js:98:12)
    at async Favorites.sync (/Users/muh.firdaus/Documents/Daus/Skripsi/API/Rest-API-Rinjani/node_modules/sequelize/lib/model.js:942:7)
    at async Sequelize.sync (/Users/muh.firdaus/Documents/Daus/Skripsi/API/Rest-API-Rinjani/node_modules/sequelize/lib/sequelize.js:377:9)
 [LOGGER] 2023-11-15 10:54:07.165 AM error : uncaughtException: (conn=2639, no: 3734, SQLState: HY000) Failed to add the foreign key constraint. Missing column 'productId' for constraint 'favorites_ibfk_2' in the referenced table 'product'
sql: CREATE TABLE IF NOT EXISTS `favorites` (`favorite_id` INTEGER NOT NULL auto_increment , `user_id` CHAR(36) BINARY, `product_id` CHAR(36) BINARY, `created_at` DATETIME NOT NULL, `updated_at` DATETIME NOT NULL, `user_user_id` CHAR(36) BINARY, `product_product_id` CHAR(36) BINARY, UNIQUE `favorites_ProductProductId_UserUserId_unique` (`user_user_id`, `product_product_id`), PRIMARY KEY (`favorite_id`), FOREIGN KEY (`user_id`) REFERENCES `user` (`user_id`), FOREIGN KEY (`product_id`) REFERENCES `product` (`productId`), FOREIGN KEY (`user_user_id`) REFERENCES `user` (`user_id`) ON DELETE CASCADE ON UPDATE CASCADE, FOREIGN KEY (`product_product_id`) REFERENCES `product` (`product_id`) ON DELETE CASCADE ON UPDATE CASCADE) ENGINE=InnoDB; - parameters:[]
Error
    at Query.run (/Users/muh.firdaus/Documents/Daus/Skripsi/API/Rest-API-Rinjani/node_modules/sequelize/lib/dialects/mariadb/query.js:53:25)
    at /Users/muh.firdaus/Documents/Daus/Skripsi/API/Rest-API-Rinjani/node_modules/sequelize/lib/sequelize.js:315:28
    at process.processTicksAndRejections (node:internal/process/task_queues:95:5)
    at async MySQLQueryInterface.createTable (/Users/muh.firdaus/Documents/Daus/Skripsi/API/Rest-API-Rinjani/node_modules/sequelize/lib/dialects/abstract/query-interface.js:98:12)
    at async Favorites.sync (/Users/muh.firdaus/Documents/Daus/Skripsi/API/Rest-API-Rinjani/node_modules/sequelize/lib/model.js:942:7)
    at async Sequelize.sync (/Users/muh.firdaus/Documents/Daus/Skripsi/API/Rest-API-Rinjani/node_modules/sequelize/lib/sequelize.js:377:9)
 [LOGGER] 2023-11-15 10:54:07.166 AM error : uncaughtException: (conn=2642, no: 3734, SQLState: HY000) Failed to add the foreign key constraint. Missing column 'productId' for constraint 'favorites_ibfk_2' in the referenced table 'product'
sql: CREATE TABLE IF NOT EXISTS `favorites` (`favorite_id` INTEGER NOT NULL auto_increment , `user_id` CHAR(36) BINARY, `product_id` CHAR(36) BINARY, `created_at` DATETIME NOT NULL, `updated_at` DATETIME NOT NULL, `user_user_id` CHAR(36) BINARY, `product_product_id` CHAR(36) BINARY, UNIQUE `favorites_ProductProductId_UserUserId_unique` (`user_user_id`, `product_product_id`), PRIMARY KEY (`favorite_id`), FOREIGN KEY (`user_id`) REFERENCES `user` (`user_id`), FOREIGN KEY (`product_id`) REFERENCES `product` (`productId`), FOREIGN KEY (`user_user_id`) REFERENCES `user` (`user_id`) ON DELETE CASCADE ON UPDATE CASCADE, FOREIGN KEY (`product_product_id`) REFERENCES `product` (`product_id`) ON DELETE CASCADE ON UPDATE CASCADE) ENGINE=InnoDB; - parameters:[]
Error
    at Query.run (/Users/muh.firdaus/Documents/Daus/Skripsi/API/Rest-API-Rinjani/node_modules/sequelize/lib/dialects/mariadb/query.js:53:25)
    at /Users/muh.firdaus/Documents/Daus/Skripsi/API/Rest-API-Rinjani/node_modules/sequelize/lib/sequelize.js:315:28
    at process.processTicksAndRejections (node:internal/process/task_queues:95:5)
    at async MySQLQueryInterface.createTable (/Users/muh.firdaus/Documents/Daus/Skripsi/API/Rest-API-Rinjani/node_modules/sequelize/lib/dialects/abstract/query-interface.js:98:12)
    at async Favorites.sync (/Users/muh.firdaus/Documents/Daus/Skripsi/API/Rest-API-Rinjani/node_modules/sequelize/lib/model.js:942:7)
    at async Sequelize.sync (/Users/muh.firdaus/Documents/Daus/Skripsi/API/Rest-API-Rinjani/node_modules/sequelize/lib/sequelize.js:377:9)
 [LOGGER] 2023-11-15 10:54:07.167 AM error : uncaughtException: (conn=2640, no: 3734, SQLState: HY000) Failed to add the foreign key constraint. Missing column 'productId' for constraint 'favorites_ibfk_2' in the referenced table 'product'
sql: CREATE TABLE IF NOT EXISTS `favorites` (`favorite_id` INTEGER NOT NULL auto_increment , `user_id` CHAR(36) BINARY, `product_id` CHAR(36) BINARY, `created_at` DATETIME NOT NULL, `updated_at` DATETIME NOT NULL, `user_user_id` CHAR(36) BINARY, `product_product_id` CHAR(36) BINARY, UNIQUE `favorites_ProductProductId_UserUserId_unique` (`user_user_id`, `product_product_id`), PRIMARY KEY (`favorite_id`), FOREIGN KEY (`user_id`) REFERENCES `user` (`user_id`), FOREIGN KEY (`product_id`) REFERENCES `product` (`productId`), FOREIGN KEY (`user_user_id`) REFERENCES `user` (`user_id`) ON DELETE CASCADE ON UPDATE CASCADE, FOREIGN KEY (`product_product_id`) REFERENCES `product` (`product_id`) ON DELETE CASCADE ON UPDATE CASCADE) ENGINE=InnoDB; - parameters:[]
Error
    at Query.run (/Users/muh.firdaus/Documents/Daus/Skripsi/API/Rest-API-Rinjani/node_modules/sequelize/lib/dialects/mariadb/query.js:53:25)
    at /Users/muh.firdaus/Documents/Daus/Skripsi/API/Rest-API-Rinjani/node_modules/sequelize/lib/sequelize.js:315:28
    at process.processTicksAndRejections (node:internal/process/task_queues:95:5)
    at async MySQLQueryInterface.createTable (/Users/muh.firdaus/Documents/Daus/Skripsi/API/Rest-API-Rinjani/node_modules/sequelize/lib/dialects/abstract/query-interface.js:98:12)
    at async Favorites.sync (/Users/muh.firdaus/Documents/Daus/Skripsi/API/Rest-API-Rinjani/node_modules/sequelize/lib/model.js:942:7)
    at async Sequelize.sync (/Users/muh.firdaus/Documents/Daus/Skripsi/API/Rest-API-Rinjani/node_modules/sequelize/lib/sequelize.js:377:9)
 [LOGGER] 2023-11-15 10:54:07.168 AM error : uncaughtException: (conn=2641, no: 3734, SQLState: HY000) Failed to add the foreign key constraint. Missing column 'productId' for constraint 'favorites_ibfk_2' in the referenced table 'product'
sql: CREATE TABLE IF NOT EXISTS `favorites` (`favorite_id` INTEGER NOT NULL auto_increment , `user_id` CHAR(36) BINARY, `product_id` CHAR(36) BINARY, `created_at` DATETIME NOT NULL, `updated_at` DATETIME NOT NULL, `user_user_id` CHAR(36) BINARY, `product_product_id` CHAR(36) BINARY, UNIQUE `favorites_ProductProductId_UserUserId_unique` (`user_user_id`, `product_product_id`), PRIMARY KEY (`favorite_id`), FOREIGN KEY (`user_id`) REFERENCES `user` (`user_id`), FOREIGN KEY (`product_id`) REFERENCES `product` (`productId`), FOREIGN KEY (`user_user_id`) REFERENCES `user` (`user_id`) ON DELETE CASCADE ON UPDATE CASCADE, FOREIGN KEY (`product_product_id`) REFERENCES `product` (`product_id`) ON DELETE CASCADE ON UPDATE CASCADE) ENGINE=InnoDB; - parameters:[]
Error
    at Query.run (/Users/muh.firdaus/Documents/Daus/Skripsi/API/Rest-API-Rinjani/node_modules/sequelize/lib/dialects/mariadb/query.js:53:25)
    at /Users/muh.firdaus/Documents/Daus/Skripsi/API/Rest-API-Rinjani/node_modules/sequelize/lib/sequelize.js:315:28
    at process.processTicksAndRejections (node:internal/process/task_queues:95:5)
    at async MySQLQueryInterface.createTable (/Users/muh.firdaus/Documents/Daus/Skripsi/API/Rest-API-Rinjani/node_modules/sequelize/lib/dialects/abstract/query-interface.js:98:12)
    at async Favorites.sync (/Users/muh.firdaus/Documents/Daus/Skripsi/API/Rest-API-Rinjani/node_modules/sequelize/lib/model.js:942:7)
    at async Sequelize.sync (/Users/muh.firdaus/Documents/Daus/Skripsi/API/Rest-API-Rinjani/node_modules/sequelize/lib/sequelize.js:377:9)
 [LOGGER] 2023-11-15 10:58:54.629 AM error : controllers/userController.js:favorite - (conn=2664, no: 1054, SQLState: 42S22) Unknown column 'Favorites.userId' in 'where clause'
sql: SELECT `favorite_id` AS `favoriteId`, `created_at` AS `createdAt`, `updated_at` AS `updatedAt`, `user_user_id` AS `UserUserId`, `product_product_id` AS `ProductProductId` FROM `favorites` AS `Favorites` WHERE `Favorites`.`userId` = 'ebe9e83e-cc83-46a4-bcc1-5329c9bb3cb8' AND `Favorites`.`productId` = '73646e05-7486-4f8c-94e5-c2fcd411aae0' LIMIT 1; - parameters:[]
 [LOGGER] 2023-11-15 01:40:49.613 PM error : controllers/userController.js:getAllFavorite - (conn=3134, no: 1054, SQLState: 42S22) Unknown column 'Favorites.attributes' in 'where clause'
sql: SELECT `favorite_id` AS `favoriteId`, `user_id` AS `userId`, `product_id` AS `productId`, `created_at` AS `createdAt`, `updated_at` AS `updatedAt` FROM `favorites` AS `Favorites` WHERE `Favorites`.`attributes` IN ('productId') AND `Favorites`.`user_id` = 'ebe9e83e-cc83-46a4-bcc1-5329c9bb3cb8'; - parameters:[]
 [LOGGER] 2023-11-15 01:41:06.640 PM error : controllers/userController.js:getAllFavorite - (conn=3138, no: 1054, SQLState: 42S22) Unknown column 'Favorites.attributes' in 'where clause'
sql: SELECT `favorite_id` AS `favoriteId`, `user_id` AS `userId`, `product_id` AS `productId`, `created_at` AS `createdAt`, `updated_at` AS `updatedAt` FROM `favorites` AS `Favorites` WHERE `Favorites`.`attributes` IN ('product_id') AND `Favorites`.`user_id` = 'ebe9e83e-cc83-46a4-bcc1-5329c9bb3cb8'; - parameters:[]
 [LOGGER] 2023-11-15 01:42:06.927 PM error : controllers/userController.js:getAllFavorite - (conn=3151, no: 1054, SQLState: 42S22) Unknown column 'Favorites.attributes' in 'where clause'
sql: SELECT `favorite_id` AS `favoriteId`, `user_id` AS `userId`, `product_id` AS `productId`, `created_at` AS `createdAt`, `updated_at` AS `updatedAt` FROM `favorites` AS `Favorites` WHERE `Favorites`.`attributes` IN ('productId') AND `Favorites`.`user_id` = 'ebe9e83e-cc83-46a4-bcc1-5329c9bb3cb8'; - parameters:[]
 [LOGGER] 2023-11-15 01:53:05.909 PM error : controllers/userController.js:getAllFavorite - Product is not defined
 [LOGGER] 2023-11-15 01:53:19.931 PM error : controllers/userController.js:getAllFavorite - Rinjani is not defined
 [LOGGER] 2023-11-15 03:02:23.530 PM error : controllers/productController.js:getRinjaniDetail - (conn=3511, no: 1054, SQLState: 42S22) Unknown column 'Rinjani.rating' in 'field list'
sql: SELECT `Product`.`product_id` AS `productId`, `Product`.`title`, `Product`.`status`, `Product`.`rating`, `Product`.`location`, `Product`.`lowest_price` AS `lowestPrice`, `Product`.`thumbnail`, `Product`.`created_at` AS `createdAt`, `Product`.`updated_at` AS `updatedAt`, `Product`.`category_id` AS `categoryId`, `Product`.`sub_category_id` AS `subCategoryId`, `Rinjani`.`rinjani_id` AS `Rinjani.rinjaniId`, `Rinjani`.`rating` AS `Rinjani.rating`, `Rinjani`.`description` AS `Rinjani.description`, `Rinjani`.`duration` AS `Rinjani.duration`, `Rinjani`.`program` AS `Rinjani.program`, `Rinjani`.`porter` AS `Rinjani.porter`, `Rinjani`.`guide` AS `Rinjani.guide`, `Rinjani`.`note` AS `Rinjani.note`, `Fotos`.`foto_id` AS `Fotos.fotoId`, `Fotos`.`url` AS `Fotos.url`, `Fotos`.`original_name` AS `Fotos.originalName`, `Fotos`.`product_id` AS `Fotos.productId` FROM `product` AS `Product` LEFT OUTER JOIN `rinjani` AS `Rinjani` ON `Product`.`product_id` = `Rinjani`.`product_id` LEFT OUTER JOIN `foto` AS `Fotos` ON `Product`.`product_id` = `Fotos`.`product_id` WHERE `Product`.`product_id` = '7388e2d8-3771-4daa-bddf-5d71278c65a7'; - parameters:[]
 [LOGGER] 2023-11-15 03:17:00.333 PM error : controllers/productController.js:getRinjaniDetail - Cannot read properties of undefined (reading 'category')
 [LOGGER] 2023-11-15 03:18:38.179 PM error : controllers/productController.js:getRinjaniDetail - Cannot read properties of undefined (reading 'category')
 [LOGGER] 2023-11-15 03:19:56.561 PM error : controllers/productController.js:getRinjaniDetail - Cannot read properties of undefined (reading 'category_id')
 [LOGGER] 2023-11-15 03:23:27.908 PM error : controllers/productController.js:getRinjaniDetail - Cannot read properties of undefined (reading 'category_id')
 [LOGGER] 2023-11-15 03:25:26.642 PM error : controllers/productController.js:getRinjaniDetail - Cannot read properties of undefined (reading 'category')
 [LOGGER] 2023-11-15 03:28:59.075 PM error : controllers/productController.js:getRinjaniDetail - Cannot read properties of undefined (reading 'category')
 [LOGGER] 2023-11-15 03:29:30.820 PM error : controllers/productController.js:getRinjaniDetail - Cannot read properties of undefined (reading 'category')
 [LOGGER] 2023-11-15 04:27:17.209 PM error : controllers/productController.js:getHomeStayDetail - Cannot read properties of undefined (reading 'description')
 [LOGGER] 2023-11-15 04:29:50.981 PM error : controllers/productController.js:getHomeStayDetail - Cannot read properties of undefined (reading 'description')
 [LOGGER] 2023-11-15 04:30:43.169 PM error : controllers/productController.js:getHomeStayDetail - Cannot read properties of undefined (reading 'description')
 [LOGGER] 2023-11-15 04:31:02.812 PM error : controllers/productController.js:getHomeStayDetail - Cannot read properties of undefined (reading 'description')
 [LOGGER] 2023-11-15 10:50:51.197 PM error : controllers/productController.js:getAllProducts - category is associated to Product using an alias. You've included an alias (Categories), but it does not match the alias(es) defined in your association (category).
